

================================================================
== Vivado HLS Report for 'decision_function_2'
================================================================
* Date:           Tue Aug  1 11:33:27 2023

* Version:        2018.3 (Build 2405991 on Thu Dec 06 23:56:15 MST 2018)
* Project:        my_prj_prj
* Solution:       solution1
* Product family: artix7
* Target device:  xc7a200tfbg676-2


================================================================
== Performance Estimates
================================================================
+ Timing (ns): 
    * Summary: 
    +--------+-------+----------+------------+
    |  Clock | Target| Estimated| Uncertainty|
    +--------+-------+----------+------------+
    |ap_clk  |   5.00|     4.372|        0.62|
    +--------+-------+----------+------------+

+ Latency (clock cycles): 
    * Summary: 
    +-----+-----+-----+-----+----------+
    |  Latency  |  Interval | Pipeline |
    | min | max | min | max |   Type   |
    +-----+-----+-----+-----+----------+
    |    5|    5|    1|    1| function |
    +-----+-----+-----+-----+----------+

    + Detail: 
        * Instance: 
        N/A

        * Loop: 
        N/A



================================================================
== Utilization Estimates
================================================================
* Summary: 
+-----------------+---------+-------+--------+--------+
|       Name      | BRAM_18K| DSP48E|   FF   |   LUT  |
+-----------------+---------+-------+--------+--------+
|DSP              |        -|      -|       -|       -|
|Expression       |        -|      -|       0|     862|
|FIFO             |        -|      -|       -|       -|
|Instance         |        -|      -|       0|     145|
|Memory           |        -|      -|       -|       -|
|Multiplexer      |        -|      -|       -|       9|
|Register         |        0|      -|    1611|     480|
+-----------------+---------+-------+--------+--------+
|Total            |        0|      0|    1611|    1496|
+-----------------+---------+-------+--------+--------+
|Available        |      730|    740|  269200|  129000|
+-----------------+---------+-------+--------+--------+
|Utilization (%)  |        0|      0|   ~0   |       1|
+-----------------+---------+-------+--------+--------+

+ Detail: 
    * Instance: 
    +--------------------------+-----------------------+---------+-------+---+-----+
    |         Instance         |         Module        | BRAM_18K| DSP48E| FF| LUT |
    +--------------------------+-----------------------+---------+-------+---+-----+
    |my_prj_mux_325_18_1_0_U1  |my_prj_mux_325_18_1_0  |        0|      0|  0|  145|
    +--------------------------+-----------------------+---------+-------+---+-----+
    |Total                     |                       |        0|      0|  0|  145|
    +--------------------------+-----------------------+---------+-------+---+-----+

    * DSP48: 
    N/A

    * Memory: 
    N/A

    * FIFO: 
    N/A

    * Expression: 
    +--------------------------+----------+-------+---+----+------------+------------+
    |       Variable Name      | Operation| DSP48E| FF| LUT| Bitwidth P0| Bitwidth P1|
    +--------------------------+----------+-------+---+----+------------+------------+
    |p_25_s_fu_619_p2          |    and   |      0|  0|   2|           1|           1|
    |p_26_s_5_fu_639_p2        |    and   |      0|  0|   2|           1|           1|
    |p_26_s_6_fu_654_p2        |    and   |      0|  0|   2|           1|           1|
    |p_26_s_fu_634_p2          |    and   |      0|  0|   2|           1|           1|
    |p_28_1_fu_804_p2          |    and   |      0|  0|   2|           1|           1|
    |p_28_30_s_fu_808_p2       |    and   |      0|  0|   2|           1|           1|
    |p_28_s_10_fu_823_p2       |    and   |      0|  0|   2|           1|           1|
    |p_28_s_7_fu_675_p2        |    and   |      0|  0|   2|           1|           1|
    |p_28_s_8_fu_785_p2        |    and   |      0|  0|   2|           1|           1|
    |p_28_s_9_fu_799_p2        |    and   |      0|  0|   2|           1|           1|
    |p_28_s_fu_670_p2          |    and   |      0|  0|   2|           1|           1|
    |p_32_1_17_fu_1022_p2      |    and   |      0|  0|   2|           1|           1|
    |p_32_1_fu_996_p2          |    and   |      0|  0|   2|           1|           1|
    |p_32_2_fu_1158_p2         |    and   |      0|  0|   2|           1|           1|
    |p_32_34_s_fu_1001_p2      |    and   |      0|  0|   2|           1|           1|
    |p_32_36_s_18_fu_1139_p2   |    and   |      0|  0|   2|           1|           1|
    |p_32_36_s_19_fu_1153_p2   |    and   |      0|  0|   2|           1|           1|
    |p_32_36_s_fu_1026_p2      |    and   |      0|  0|   2|           1|           1|
    |p_32_38_s_fu_1162_p2      |    and   |      0|  0|   2|           1|           1|
    |p_32_s_11_fu_838_p2       |    and   |      0|  0|   2|           1|           1|
    |p_32_s_12_fu_843_p2       |    and   |      0|  0|   2|           1|           1|
    |p_32_s_13_fu_967_p2       |    and   |      0|  0|   2|           1|           1|
    |p_32_s_14_fu_981_p2       |    and   |      0|  0|   2|           1|           1|
    |p_32_s_15_fu_991_p2       |    and   |      0|  0|   2|           1|           1|
    |p_32_s_16_fu_1016_p2      |    and   |      0|  0|   2|           1|           1|
    |p_32_s_20_fu_1255_p2      |    and   |      0|  0|   2|           1|           1|
    |p_32_s_fu_833_p2          |    and   |      0|  0|   2|           1|           1|
    |p_5_fu_665_p2             |    and   |      0|  0|   2|           1|           1|
    |p_6_fu_853_p2             |    and   |      0|  0|   2|           1|           1|
    |p_7_fu_629_p2             |    and   |      0|  0|   2|           1|           1|
    |p_8_fu_685_p2             |    and   |      0|  0|   2|           1|           1|
    |p_9_fu_1036_p2            |    and   |      0|  0|   2|           1|           1|
    |p_s_2_fu_594_p2           |    and   |      0|  0|   2|           1|           1|
    |p_s_3_fu_600_p2           |    and   |      0|  0|   2|           1|           1|
    |p_s_4_fu_604_p2           |    and   |      0|  0|   2|           1|           1|
    |p_s_fu_588_p2             |    and   |      0|  0|   2|           1|           1|
    |tmp1_fu_614_p2            |    and   |      0|  0|   2|           1|           1|
    |tmp2_fu_649_p2            |    and   |      0|  0|   2|           1|           1|
    |tmp3_fu_794_p2            |    and   |      0|  0|   2|           1|           1|
    |tmp4_fu_818_p2            |    and   |      0|  0|   2|           1|           1|
    |tmp5_fu_976_p2            |    and   |      0|  0|   2|           1|           1|
    |tmp6_fu_1011_p2           |    and   |      0|  0|   2|           1|           1|
    |tmp7_fu_1148_p2           |    and   |      0|  0|   2|           1|           1|
    |tmp8_fu_1250_p2           |    and   |      0|  0|   2|           1|           1|
    |tmp_1_fu_402_p2           |   icmp   |      0|  0|  18|          18|          17|
    |tmp_28_10_fu_468_p2       |   icmp   |      0|  0|  18|          18|          13|
    |tmp_28_11_fu_474_p2       |   icmp   |      0|  0|  18|          18|          10|
    |tmp_28_12_fu_480_p2       |   icmp   |      0|  0|  18|          18|          17|
    |tmp_28_13_fu_486_p2       |   icmp   |      0|  0|  18|          18|          13|
    |tmp_28_14_fu_492_p2       |   icmp   |      0|  0|  18|          18|          16|
    |tmp_28_15_fu_498_p2       |   icmp   |      0|  0|  18|          18|          14|
    |tmp_28_16_fu_504_p2       |   icmp   |      0|  0|  18|          18|          16|
    |tmp_28_17_fu_510_p2       |   icmp   |      0|  0|  18|          18|          14|
    |tmp_28_18_fu_516_p2       |   icmp   |      0|  0|  18|          18|          12|
    |tmp_28_19_fu_522_p2       |   icmp   |      0|  0|  18|          18|          17|
    |tmp_28_1_fu_408_p2        |   icmp   |      0|  0|  18|          18|          10|
    |tmp_28_20_fu_528_p2       |   icmp   |      0|  0|  18|          18|          18|
    |tmp_28_21_fu_534_p2       |   icmp   |      0|  0|  18|          18|          15|
    |tmp_28_22_fu_540_p2       |   icmp   |      0|  0|  18|          18|          11|
    |tmp_28_23_fu_546_p2       |   icmp   |      0|  0|  18|          18|          10|
    |tmp_28_24_fu_552_p2       |   icmp   |      0|  0|  18|          18|          11|
    |tmp_28_25_fu_558_p2       |   icmp   |      0|  0|  18|          18|          16|
    |tmp_28_26_fu_564_p2       |   icmp   |      0|  0|  18|          18|          11|
    |tmp_28_27_fu_570_p2       |   icmp   |      0|  0|  18|          18|          10|
    |tmp_28_28_fu_576_p2       |   icmp   |      0|  0|  18|          18|          18|
    |tmp_28_29_fu_582_p2       |   icmp   |      0|  0|  18|          18|          11|
    |tmp_28_2_fu_414_p2        |   icmp   |      0|  0|  18|          18|          14|
    |tmp_28_3_fu_420_p2        |   icmp   |      0|  0|  18|          18|          10|
    |tmp_28_4_fu_426_p2        |   icmp   |      0|  0|  18|          18|          13|
    |tmp_28_5_fu_444_p2        |   icmp   |      0|  0|  18|          18|          14|
    |tmp_28_6_fu_450_p2        |   icmp   |      0|  0|  18|          18|          10|
    |tmp_28_7_fu_432_p2        |   icmp   |      0|  0|  18|          18|          17|
    |tmp_28_8_fu_456_p2        |   icmp   |      0|  0|  18|          18|          13|
    |tmp_28_9_fu_462_p2        |   icmp   |      0|  0|  18|          18|          10|
    |tmp_28_s_fu_438_p2        |   icmp   |      0|  0|  18|          18|          15|
    |brmerge10_fu_890_p2       |    or    |      0|  0|   2|           1|           1|
    |brmerge11_fu_1041_p2      |    or    |      0|  0|   2|           1|           1|
    |brmerge12_fu_896_p2       |    or    |      0|  0|   2|           1|           1|
    |brmerge13_fu_1046_p2      |    or    |      0|  0|   2|           1|           1|
    |brmerge14_fu_1051_p2      |    or    |      0|  0|   2|           1|           1|
    |brmerge15_fu_1055_p2      |    or    |      0|  0|   2|           1|           1|
    |brmerge16_fu_1061_p2      |    or    |      0|  0|   2|           1|           1|
    |brmerge17_fu_1067_p2      |    or    |      0|  0|   2|           1|           1|
    |brmerge18_fu_1073_p2      |    or    |      0|  0|   2|           1|           1|
    |brmerge19_fu_1167_p2      |    or    |      0|  0|   2|           1|           1|
    |brmerge1_fu_691_p2        |    or    |      0|  0|   2|           1|           1|
    |brmerge20_fu_1172_p2      |    or    |      0|  0|   2|           1|           1|
    |brmerge21_fu_1176_p2      |    or    |      0|  0|   2|           1|           1|
    |brmerge22_fu_1182_p2      |    or    |      0|  0|   2|           1|           1|
    |brmerge23_fu_1186_p2      |    or    |      0|  0|   2|           1|           1|
    |brmerge24_fu_1192_p2      |    or    |      0|  0|   2|           1|           1|
    |brmerge25_fu_1260_p2      |    or    |      0|  0|   2|           1|           1|
    |brmerge2_fu_697_p2        |    or    |      0|  0|   2|           1|           1|
    |brmerge3_fu_702_p2        |    or    |      0|  0|   2|           1|           1|
    |brmerge4_fu_707_p2        |    or    |      0|  0|   2|           1|           1|
    |brmerge5_fu_859_p2        |    or    |      0|  0|   2|           1|           1|
    |brmerge6_fu_864_p2        |    or    |      0|  0|   2|           1|           1|
    |brmerge7_fu_868_p2        |    or    |      0|  0|   2|           1|           1|
    |brmerge8_fu_874_p2        |    or    |      0|  0|   2|           1|           1|
    |brmerge9_fu_878_p2        |    or    |      0|  0|   2|           1|           1|
    |brmerge_fu_884_p2         |    or    |      0|  0|   2|           1|           1|
    |tmp_10_fu_916_p3          |  select  |      0|  0|   4|           1|           4|
    |tmp_11_fu_924_p3          |  select  |      0|  0|   4|           1|           4|
    |tmp_12_fu_932_p3          |  select  |      0|  0|   4|           1|           4|
    |tmp_13_fu_940_p3          |  select  |      0|  0|   4|           1|           4|
    |tmp_14_fu_948_p3          |  select  |      0|  0|   4|           1|           4|
    |tmp_15_fu_960_p3          |  select  |      0|  0|   6|           1|           5|
    |tmp_16_fu_1077_p3         |  select  |      0|  0|   5|           1|           5|
    |tmp_17_fu_1084_p3         |  select  |      0|  0|   5|           1|           5|
    |tmp_18_fu_1091_p3         |  select  |      0|  0|   5|           1|           5|
    |tmp_19_fu_1099_p3         |  select  |      0|  0|   5|           1|           5|
    |tmp_20_fu_1107_p3         |  select  |      0|  0|   5|           1|           5|
    |tmp_21_fu_1115_p3         |  select  |      0|  0|   5|           1|           5|
    |tmp_22_fu_1123_p3         |  select  |      0|  0|   5|           1|           5|
    |tmp_23_fu_1131_p3         |  select  |      0|  0|   5|           1|           5|
    |tmp_24_fu_1198_p3         |  select  |      0|  0|   5|           1|           5|
    |tmp_25_fu_1205_p3         |  select  |      0|  0|   5|           1|           5|
    |tmp_26_fu_1213_p3         |  select  |      0|  0|   5|           1|           5|
    |tmp_27_fu_1221_p3         |  select  |      0|  0|   5|           1|           5|
    |tmp_28_fu_1229_p3         |  select  |      0|  0|   5|           1|           5|
    |tmp_29_fu_1237_p3         |  select  |      0|  0|   5|           1|           5|
    |tmp_2_fu_731_p3           |  select  |      0|  0|   2|           1|           2|
    |tmp_3_fu_743_p3           |  select  |      0|  0|   4|           1|           3|
    |tmp_4_fu_750_p3           |  select  |      0|  0|   3|           1|           3|
    |tmp_5_fu_758_p3           |  select  |      0|  0|   3|           1|           3|
    |tmp_6_fu_766_p3           |  select  |      0|  0|   3|           1|           3|
    |tmp_7_fu_778_p3           |  select  |      0|  0|   5|           1|           4|
    |tmp_8_fu_901_p3           |  select  |      0|  0|   4|           1|           4|
    |tmp_9_fu_908_p3           |  select  |      0|  0|   4|           1|           4|
    |tmp_fu_1272_p33           |  select  |      0|  0|   5|           1|           5|
    |tmp_s_fu_723_p3           |  select  |      0|  0|   3|           1|           2|
    |not_s_fu_713_p2           |    xor   |      0|  0|   2|           1|           2|
    |not_tmp_28_10_fu_848_p2   |    xor   |      0|  0|   2|           1|           2|
    |not_tmp_28_11_fu_1143_p2  |    xor   |      0|  0|   2|           1|           2|
    |not_tmp_28_12_fu_1031_p2  |    xor   |      0|  0|   2|           1|           2|
    |not_tmp_28_13_fu_1245_p2  |    xor   |      0|  0|   2|           1|           2|
    |not_tmp_28_1_fu_660_p2    |    xor   |      0|  0|   2|           1|           2|
    |not_tmp_28_2_fu_624_p2    |    xor   |      0|  0|   2|           1|           2|
    |not_tmp_28_3_fu_609_p2    |    xor   |      0|  0|   2|           1|           2|
    |not_tmp_28_4_fu_789_p2    |    xor   |      0|  0|   2|           1|           2|
    |not_tmp_28_5_fu_680_p2    |    xor   |      0|  0|   2|           1|           2|
    |not_tmp_28_6_fu_813_p2    |    xor   |      0|  0|   2|           1|           2|
    |not_tmp_28_7_fu_971_p2    |    xor   |      0|  0|   2|           1|           2|
    |not_tmp_28_8_fu_986_p2    |    xor   |      0|  0|   2|           1|           2|
    |not_tmp_28_9_fu_1006_p2   |    xor   |      0|  0|   2|           1|           2|
    |not_tmp_28_s_fu_644_p2    |    xor   |      0|  0|   2|           1|           2|
    |not_tmp_s_fu_828_p2       |    xor   |      0|  0|   2|           1|           2|
    +--------------------------+----------+-------+---+----+------------+------------+
    |Total                     |          |      0|  0| 862|         674|         646|
    +--------------------------+----------+-------+---+----+------------+------------+

    * Multiplexer: 
    +-----------+----+-----------+-----+-----------+
    |    Name   | LUT| Input Size| Bits| Total Bits|
    +-----------+----+-----------+-----+-----------+
    |ap_return  |   9|          2|   18|         36|
    +-----------+----+-----------+-----+-----------+
    |Total      |   9|          2|   18|         36|
    +-----------+----+-----------+-----+-----------+

    * Register: 
    +----------------------------------+----+----+-----+-----------+
    |               Name               | FF | LUT| Bits| Const Bits|
    +----------------------------------+----+----+-----+-----------+
    |ap_ce_reg                         |   1|   0|    1|          0|
    |ap_return_int_reg                 |  18|   0|   18|          0|
    |brmerge12_reg_1579                |   1|   0|    1|          0|
    |brmerge18_reg_1608                |   1|   0|    1|          0|
    |brmerge24_reg_1620                |   1|   0|    1|          0|
    |p_28_s_7_reg_1539                 |   1|   0|    1|          0|
    |p_28_s_reg_1533                   |   1|   0|    1|          0|
    |p_32_1_17_reg_1590                |   1|   0|    1|          0|
    |p_32_36_s_reg_1596                |   1|   0|    1|          0|
    |p_32_s_11_reg_1562                |   1|   0|    1|          0|
    |p_32_s_12_reg_1568                |   1|   0|    1|          0|
    |p_32_s_reg_1556                   |   1|   0|    1|          0|
    |p_6_reg_1573                      |   1|   0|    1|          0|
    |p_8_reg_1545                      |   1|   0|    1|          0|
    |p_9_reg_1602                      |   1|   0|    1|          0|
    |p_9_reg_1602_pp0_iter4_reg        |   1|   0|    1|          0|
    |p_s_2_reg_1524                    |   1|   0|    1|          0|
    |p_s_reg_1515                      |   1|   0|    1|          0|
    |p_s_reg_1515_pp0_iter1_reg        |   1|   0|    1|          0|
    |tmp_15_reg_1585                   |   5|   0|    5|          0|
    |tmp_1_reg_1342                    |   1|   0|    1|          0|
    |tmp_23_reg_1615                   |   5|   0|    5|          0|
    |tmp_28_10_reg_1407                |   1|   0|    1|          0|
    |tmp_28_10_reg_1407_pp0_iter1_reg  |   1|   0|    1|          0|
    |tmp_28_11_reg_1412                |   1|   0|    1|          0|
    |tmp_28_11_reg_1412_pp0_iter1_reg  |   1|   0|    1|          0|
    |tmp_28_12_reg_1417                |   1|   0|    1|          0|
    |tmp_28_12_reg_1417_pp0_iter1_reg  |   1|   0|    1|          0|
    |tmp_28_13_reg_1423                |   1|   0|    1|          0|
    |tmp_28_13_reg_1423_pp0_iter1_reg  |   1|   0|    1|          0|
    |tmp_28_14_reg_1428                |   1|   0|    1|          0|
    |tmp_28_14_reg_1428_pp0_iter1_reg  |   1|   0|    1|          0|
    |tmp_28_15_reg_1433                |   1|   0|    1|          0|
    |tmp_28_15_reg_1433_pp0_iter1_reg  |   1|   0|    1|          0|
    |tmp_28_16_reg_1439                |   1|   0|    1|          0|
    |tmp_28_17_reg_1445                |   1|   0|    1|          0|
    |tmp_28_18_reg_1451                |   1|   0|    1|          0|
    |tmp_28_19_reg_1456                |   1|   0|    1|          0|
    |tmp_28_1_reg_1353                 |   1|   0|    1|          0|
    |tmp_28_20_reg_1461                |   1|   0|    1|          0|
    |tmp_28_21_reg_1467                |   1|   0|    1|          0|
    |tmp_28_22_reg_1472                |   1|   0|    1|          0|
    |tmp_28_23_reg_1477                |   1|   0|    1|          0|
    |tmp_28_24_reg_1483                |   1|   0|    1|          0|
    |tmp_28_25_reg_1489                |   1|   0|    1|          0|
    |tmp_28_26_reg_1494                |   1|   0|    1|          0|
    |tmp_28_27_reg_1499                |   1|   0|    1|          0|
    |tmp_28_28_reg_1505                |   1|   0|    1|          0|
    |tmp_28_29_reg_1510                |   1|   0|    1|          0|
    |tmp_28_2_reg_1358                 |   1|   0|    1|          0|
    |tmp_28_3_reg_1363                 |   1|   0|    1|          0|
    |tmp_28_4_reg_1369                 |   1|   0|    1|          0|
    |tmp_28_5_reg_1385                 |   1|   0|    1|          0|
    |tmp_28_6_reg_1390                 |   1|   0|    1|          0|
    |tmp_28_7_reg_1374                 |   1|   0|    1|          0|
    |tmp_28_8_reg_1395                 |   1|   0|    1|          0|
    |tmp_28_9_reg_1401                 |   1|   0|    1|          0|
    |tmp_28_9_reg_1401_pp0_iter1_reg   |   1|   0|    1|          0|
    |tmp_28_s_reg_1379                 |   1|   0|    1|          0|
    |tmp_29_reg_1625                   |   5|   0|    5|          0|
    |tmp_7_reg_1551                    |   4|   0|    4|          0|
    |x_152_V_read_int_reg              |  18|   0|   18|          0|
    |x_213_V_read_int_reg              |  18|   0|   18|          0|
    |x_267_V_read_int_reg              |  18|   0|   18|          0|
    |x_290_V_read_int_reg              |  18|   0|   18|          0|
    |x_317_V_read_int_reg              |  18|   0|   18|          0|
    |x_318_V_read_int_reg              |  18|   0|   18|          0|
    |x_323_V_read_int_reg              |  18|   0|   18|          0|
    |x_350_V_read_int_reg              |  18|   0|   18|          0|
    |x_374_V_read_int_reg              |  18|   0|   18|          0|
    |x_380_V_read_int_reg              |  18|   0|   18|          0|
    |x_383_V_read_int_reg              |  18|   0|   18|          0|
    |x_400_V_read_int_reg              |  18|   0|   18|          0|
    |x_406_V_read_int_reg              |  18|   0|   18|          0|
    |x_413_V_read_int_reg              |  18|   0|   18|          0|
    |x_429_V_read_int_reg              |  18|   0|   18|          0|
    |x_435_V_read_int_reg              |  18|   0|   18|          0|
    |x_485_V_read_int_reg              |  18|   0|   18|          0|
    |x_488_V_read_int_reg              |  18|   0|   18|          0|
    |x_489_V_read_int_reg              |  18|   0|   18|          0|
    |x_490_V_read_int_reg              |  18|   0|   18|          0|
    |x_514_V_read_int_reg              |  18|   0|   18|          0|
    |x_549_V_read_int_reg              |  18|   0|   18|          0|
    |x_568_V_read_int_reg              |  18|   0|   18|          0|
    |x_570_V_read_int_reg              |  18|   0|   18|          0|
    |x_625_V_read_int_reg              |  18|   0|   18|          0|
    |x_627_V_read_int_reg              |  18|   0|   18|          0|
    |x_630_V_read_int_reg              |  18|   0|   18|          0|
    |x_657_V_read_int_reg              |  18|   0|   18|          0|
    |x_658_V_read_int_reg              |  18|   0|   18|          0|
    |x_710_V_read_int_reg              |  18|   0|   18|          0|
    |x_99_V_read_int_reg               |  18|   0|   18|          0|
    |tmp_1_reg_1342                    |  64|  32|    1|          0|
    |tmp_28_16_reg_1439                |  64|  32|    1|          0|
    |tmp_28_17_reg_1445                |  64|  32|    1|          0|
    |tmp_28_18_reg_1451                |  64|  32|    1|          0|
    |tmp_28_19_reg_1456                |  64|  32|    1|          0|
    |tmp_28_20_reg_1461                |  64|  32|    1|          0|
    |tmp_28_21_reg_1467                |  64|  32|    1|          0|
    |tmp_28_22_reg_1472                |  64|  32|    1|          0|
    |tmp_28_23_reg_1477                |  64|  32|    1|          0|
    |tmp_28_24_reg_1483                |  64|  32|    1|          0|
    |tmp_28_25_reg_1489                |  64|  32|    1|          0|
    |tmp_28_26_reg_1494                |  64|  32|    1|          0|
    |tmp_28_27_reg_1499                |  64|  32|    1|          0|
    |tmp_28_28_reg_1505                |  64|  32|    1|          0|
    |tmp_28_29_reg_1510                |  64|  32|    1|          0|
    +----------------------------------+----+----+-----+-----------+
    |Total                             |1611| 480|  666|          0|
    +----------------------------------+----+----+-----+-----------+



================================================================
== Interface
================================================================
* Summary: 
+--------------+-----+-----+------------+---------------------+--------------+
|   RTL Ports  | Dir | Bits|  Protocol  |    Source Object    |    C Type    |
+--------------+-----+-----+------------+---------------------+--------------+
|ap_clk        |  in |    1| ap_ctrl_hs | decision_function.2 | return value |
|ap_rst        |  in |    1| ap_ctrl_hs | decision_function.2 | return value |
|ap_return     | out |   18| ap_ctrl_hs | decision_function.2 | return value |
|ap_ce         |  in |    1| ap_ctrl_hs | decision_function.2 | return value |
|x_99_V_read   |  in |   18|   ap_none  |     x_99_V_read     |    scalar    |
|x_152_V_read  |  in |   18|   ap_none  |     x_152_V_read    |    scalar    |
|x_213_V_read  |  in |   18|   ap_none  |     x_213_V_read    |    scalar    |
|x_267_V_read  |  in |   18|   ap_none  |     x_267_V_read    |    scalar    |
|x_290_V_read  |  in |   18|   ap_none  |     x_290_V_read    |    scalar    |
|x_317_V_read  |  in |   18|   ap_none  |     x_317_V_read    |    scalar    |
|x_318_V_read  |  in |   18|   ap_none  |     x_318_V_read    |    scalar    |
|x_323_V_read  |  in |   18|   ap_none  |     x_323_V_read    |    scalar    |
|x_350_V_read  |  in |   18|   ap_none  |     x_350_V_read    |    scalar    |
|x_374_V_read  |  in |   18|   ap_none  |     x_374_V_read    |    scalar    |
|x_380_V_read  |  in |   18|   ap_none  |     x_380_V_read    |    scalar    |
|x_383_V_read  |  in |   18|   ap_none  |     x_383_V_read    |    scalar    |
|x_400_V_read  |  in |   18|   ap_none  |     x_400_V_read    |    scalar    |
|x_406_V_read  |  in |   18|   ap_none  |     x_406_V_read    |    scalar    |
|x_413_V_read  |  in |   18|   ap_none  |     x_413_V_read    |    scalar    |
|x_429_V_read  |  in |   18|   ap_none  |     x_429_V_read    |    scalar    |
|x_435_V_read  |  in |   18|   ap_none  |     x_435_V_read    |    scalar    |
|x_485_V_read  |  in |   18|   ap_none  |     x_485_V_read    |    scalar    |
|x_488_V_read  |  in |   18|   ap_none  |     x_488_V_read    |    scalar    |
|x_489_V_read  |  in |   18|   ap_none  |     x_489_V_read    |    scalar    |
|x_490_V_read  |  in |   18|   ap_none  |     x_490_V_read    |    scalar    |
|x_514_V_read  |  in |   18|   ap_none  |     x_514_V_read    |    scalar    |
|x_549_V_read  |  in |   18|   ap_none  |     x_549_V_read    |    scalar    |
|x_568_V_read  |  in |   18|   ap_none  |     x_568_V_read    |    scalar    |
|x_570_V_read  |  in |   18|   ap_none  |     x_570_V_read    |    scalar    |
|x_625_V_read  |  in |   18|   ap_none  |     x_625_V_read    |    scalar    |
|x_627_V_read  |  in |   18|   ap_none  |     x_627_V_read    |    scalar    |
|x_630_V_read  |  in |   18|   ap_none  |     x_630_V_read    |    scalar    |
|x_657_V_read  |  in |   18|   ap_none  |     x_657_V_read    |    scalar    |
|x_658_V_read  |  in |   18|   ap_none  |     x_658_V_read    |    scalar    |
|x_710_V_read  |  in |   18|   ap_none  |     x_710_V_read    |    scalar    |
+--------------+-----+-----+------------+---------------------+--------------+

