

================================================================
== Vivado HLS Report for 'decision_function'
================================================================
* Date:           Tue Aug  1 11:33:29 2023

* Version:        2018.3 (Build 2405991 on Thu Dec 06 23:56:15 MST 2018)
* Project:        my_prj_prj
* Solution:       solution1
* Product family: artix7
* Target device:  xc7a200tfbg676-2


================================================================
== Performance Estimates
================================================================
+ Timing (ns): 
    * Summary: 
    +--------+-------+----------+------------+
    |  Clock | Target| Estimated| Uncertainty|
    +--------+-------+----------+------------+
    |ap_clk  |   5.00|     4.372|        0.62|
    +--------+-------+----------+------------+

+ Latency (clock cycles): 
    * Summary: 
    +-----+-----+-----+-----+----------+
    |  Latency  |  Interval | Pipeline |
    | min | max | min | max |   Type   |
    +-----+-----+-----+-----+----------+
    |    5|    5|    1|    1| function |
    +-----+-----+-----+-----+----------+

    + Detail: 
        * Instance: 
        N/A

        * Loop: 
        N/A



================================================================
== Utilization Estimates
================================================================
* Summary: 
+-----------------+---------+-------+--------+--------+
|       Name      | BRAM_18K| DSP48E|   FF   |   LUT  |
+-----------------+---------+-------+--------+--------+
|DSP              |        -|      -|       -|       -|
|Expression       |        -|      -|       0|     862|
|FIFO             |        -|      -|       -|       -|
|Instance         |        -|      -|       0|     145|
|Memory           |        -|      -|       -|       -|
|Multiplexer      |        -|      -|       -|       9|
|Register         |        0|      -|    1575|     480|
+-----------------+---------+-------+--------+--------+
|Total            |        0|      0|    1575|    1496|
+-----------------+---------+-------+--------+--------+
|Available        |      730|    740|  269200|  129000|
+-----------------+---------+-------+--------+--------+
|Utilization (%)  |        0|      0|   ~0   |       1|
+-----------------+---------+-------+--------+--------+

+ Detail: 
    * Instance: 
    +---------------------------+-----------------------+---------+-------+---+-----+
    |          Instance         |         Module        | BRAM_18K| DSP48E| FF| LUT |
    +---------------------------+-----------------------+---------+-------+---+-----+
    |my_prj_mux_325_18_1_0_U64  |my_prj_mux_325_18_1_0  |        0|      0|  0|  145|
    +---------------------------+-----------------------+---------+-------+---+-----+
    |Total                      |                       |        0|      0|  0|  145|
    +---------------------------+-----------------------+---------+-------+---+-----+

    * DSP48: 
    N/A

    * Memory: 
    N/A

    * FIFO: 
    N/A

    * Expression: 
    +-------------------------+----------+-------+---+----+------------+------------+
    |      Variable Name      | Operation| DSP48E| FF| LUT| Bitwidth P0| Bitwidth P1|
    +-------------------------+----------+-------+---+----+------------+------------+
    |p_1_46_fu_643_p2         |    and   |      0|  0|   2|           1|           1|
    |p_1_fu_607_p2            |    and   |      0|  0|   2|           1|           1|
    |p_2_57_fu_831_p2         |    and   |      0|  0|   2|           1|           1|
    |p_2_fu_663_p2            |    and   |      0|  0|   2|           1|           1|
    |p_33_s_fu_597_p2         |    and   |      0|  0|   2|           1|           1|
    |p_34_s_44_fu_617_p2      |    and   |      0|  0|   2|           1|           1|
    |p_34_s_45_fu_632_p2      |    and   |      0|  0|   2|           1|           1|
    |p_34_s_fu_612_p2         |    and   |      0|  0|   2|           1|           1|
    |p_36_1_fu_782_p2         |    and   |      0|  0|   2|           1|           1|
    |p_36_38_s_fu_786_p2      |    and   |      0|  0|   2|           1|           1|
    |p_36_s_47_fu_653_p2      |    and   |      0|  0|   2|           1|           1|
    |p_36_s_48_fu_763_p2      |    and   |      0|  0|   2|           1|           1|
    |p_36_s_49_fu_777_p2      |    and   |      0|  0|   2|           1|           1|
    |p_36_s_50_fu_801_p2      |    and   |      0|  0|   2|           1|           1|
    |p_36_s_fu_648_p2         |    and   |      0|  0|   2|           1|           1|
    |p_3_fu_1014_p2           |    and   |      0|  0|   2|           1|           1|
    |p_40_1_58_fu_1000_p2     |    and   |      0|  0|   2|           1|           1|
    |p_40_1_fu_974_p2         |    and   |      0|  0|   2|           1|           1|
    |p_40_2_fu_1136_p2        |    and   |      0|  0|   2|           1|           1|
    |p_40_42_s_fu_979_p2      |    and   |      0|  0|   2|           1|           1|
    |p_40_44_s_59_fu_1117_p2  |    and   |      0|  0|   2|           1|           1|
    |p_40_44_s_60_fu_1131_p2  |    and   |      0|  0|   2|           1|           1|
    |p_40_44_s_fu_1004_p2     |    and   |      0|  0|   2|           1|           1|
    |p_40_46_s_fu_1140_p2     |    and   |      0|  0|   2|           1|           1|
    |p_40_s_51_fu_816_p2      |    and   |      0|  0|   2|           1|           1|
    |p_40_s_52_fu_821_p2      |    and   |      0|  0|   2|           1|           1|
    |p_40_s_53_fu_945_p2      |    and   |      0|  0|   2|           1|           1|
    |p_40_s_54_fu_959_p2      |    and   |      0|  0|   2|           1|           1|
    |p_40_s_55_fu_969_p2      |    and   |      0|  0|   2|           1|           1|
    |p_40_s_56_fu_994_p2      |    and   |      0|  0|   2|           1|           1|
    |p_40_s_61_fu_1233_p2     |    and   |      0|  0|   2|           1|           1|
    |p_40_s_fu_811_p2         |    and   |      0|  0|   2|           1|           1|
    |p_s_41_fu_572_p2         |    and   |      0|  0|   2|           1|           1|
    |p_s_42_fu_578_p2         |    and   |      0|  0|   2|           1|           1|
    |p_s_43_fu_582_p2         |    and   |      0|  0|   2|           1|           1|
    |p_s_fu_566_p2            |    and   |      0|  0|   2|           1|           1|
    |tmp1_fu_592_p2           |    and   |      0|  0|   2|           1|           1|
    |tmp2_fu_627_p2           |    and   |      0|  0|   2|           1|           1|
    |tmp3_fu_772_p2           |    and   |      0|  0|   2|           1|           1|
    |tmp4_fu_796_p2           |    and   |      0|  0|   2|           1|           1|
    |tmp5_fu_954_p2           |    and   |      0|  0|   2|           1|           1|
    |tmp6_fu_989_p2           |    and   |      0|  0|   2|           1|           1|
    |tmp7_fu_1126_p2          |    and   |      0|  0|   2|           1|           1|
    |tmp8_fu_1228_p2          |    and   |      0|  0|   2|           1|           1|
    |tmp_3_10_fu_446_p2       |   icmp   |      0|  0|  18|          18|          15|
    |tmp_3_11_fu_452_p2       |   icmp   |      0|  0|  18|          18|          12|
    |tmp_3_12_fu_458_p2       |   icmp   |      0|  0|  18|          18|          14|
    |tmp_3_13_fu_464_p2       |   icmp   |      0|  0|  18|          18|          17|
    |tmp_3_14_fu_470_p2       |   icmp   |      0|  0|  18|          18|          10|
    |tmp_3_15_fu_476_p2       |   icmp   |      0|  0|  18|          18|          10|
    |tmp_3_16_fu_482_p2       |   icmp   |      0|  0|  18|          18|          14|
    |tmp_3_17_fu_488_p2       |   icmp   |      0|  0|  18|          18|          10|
    |tmp_3_18_fu_494_p2       |   icmp   |      0|  0|  18|          18|          17|
    |tmp_3_19_fu_500_p2       |   icmp   |      0|  0|  18|          18|          10|
    |tmp_3_1_fu_386_p2        |   icmp   |      0|  0|  18|          18|          10|
    |tmp_3_20_fu_506_p2       |   icmp   |      0|  0|  18|          18|          10|
    |tmp_3_21_fu_512_p2       |   icmp   |      0|  0|  18|          18|          13|
    |tmp_3_22_fu_518_p2       |   icmp   |      0|  0|  18|          18|          12|
    |tmp_3_23_fu_524_p2       |   icmp   |      0|  0|  18|          18|          11|
    |tmp_3_24_fu_530_p2       |   icmp   |      0|  0|  18|          18|          10|
    |tmp_3_25_fu_536_p2       |   icmp   |      0|  0|  18|          18|          12|
    |tmp_3_26_fu_542_p2       |   icmp   |      0|  0|  18|          18|          17|
    |tmp_3_27_fu_548_p2       |   icmp   |      0|  0|  18|          18|          10|
    |tmp_3_28_fu_554_p2       |   icmp   |      0|  0|  18|          18|          15|
    |tmp_3_29_fu_560_p2       |   icmp   |      0|  0|  18|          18|          13|
    |tmp_3_2_fu_392_p2        |   icmp   |      0|  0|  18|          18|          11|
    |tmp_3_3_fu_398_p2        |   icmp   |      0|  0|  18|          18|          18|
    |tmp_3_4_fu_404_p2        |   icmp   |      0|  0|  18|          18|          10|
    |tmp_3_5_fu_422_p2        |   icmp   |      0|  0|  18|          18|          11|
    |tmp_3_6_fu_428_p2        |   icmp   |      0|  0|  18|          18|          12|
    |tmp_3_7_fu_410_p2        |   icmp   |      0|  0|  18|          18|          10|
    |tmp_3_8_fu_434_p2        |   icmp   |      0|  0|  18|          18|          10|
    |tmp_3_9_fu_440_p2        |   icmp   |      0|  0|  18|          18|          15|
    |tmp_3_fu_380_p2          |   icmp   |      0|  0|  18|          18|          10|
    |tmp_3_s_fu_416_p2        |   icmp   |      0|  0|  18|          18|          14|
    |brmerge10_fu_868_p2      |    or    |      0|  0|   2|           1|           1|
    |brmerge11_fu_1019_p2     |    or    |      0|  0|   2|           1|           1|
    |brmerge12_fu_874_p2      |    or    |      0|  0|   2|           1|           1|
    |brmerge13_fu_1024_p2     |    or    |      0|  0|   2|           1|           1|
    |brmerge14_fu_1029_p2     |    or    |      0|  0|   2|           1|           1|
    |brmerge15_fu_1033_p2     |    or    |      0|  0|   2|           1|           1|
    |brmerge16_fu_1039_p2     |    or    |      0|  0|   2|           1|           1|
    |brmerge17_fu_1045_p2     |    or    |      0|  0|   2|           1|           1|
    |brmerge18_fu_1051_p2     |    or    |      0|  0|   2|           1|           1|
    |brmerge19_fu_1145_p2     |    or    |      0|  0|   2|           1|           1|
    |brmerge1_fu_675_p2       |    or    |      0|  0|   2|           1|           1|
    |brmerge20_fu_1150_p2     |    or    |      0|  0|   2|           1|           1|
    |brmerge21_fu_1154_p2     |    or    |      0|  0|   2|           1|           1|
    |brmerge22_fu_1160_p2     |    or    |      0|  0|   2|           1|           1|
    |brmerge23_fu_1164_p2     |    or    |      0|  0|   2|           1|           1|
    |brmerge24_fu_1170_p2     |    or    |      0|  0|   2|           1|           1|
    |brmerge25_fu_1238_p2     |    or    |      0|  0|   2|           1|           1|
    |brmerge2_fu_680_p2       |    or    |      0|  0|   2|           1|           1|
    |brmerge3_fu_685_p2       |    or    |      0|  0|   2|           1|           1|
    |brmerge4_fu_837_p2       |    or    |      0|  0|   2|           1|           1|
    |brmerge5_fu_842_p2       |    or    |      0|  0|   2|           1|           1|
    |brmerge6_fu_846_p2       |    or    |      0|  0|   2|           1|           1|
    |brmerge7_fu_852_p2       |    or    |      0|  0|   2|           1|           1|
    |brmerge8_fu_856_p2       |    or    |      0|  0|   2|           1|           1|
    |brmerge9_fu_862_p2       |    or    |      0|  0|   2|           1|           1|
    |brmerge_fu_669_p2        |    or    |      0|  0|   2|           1|           1|
    |tmp_10_fu_894_p3         |  select  |      0|  0|   4|           1|           4|
    |tmp_11_fu_902_p3         |  select  |      0|  0|   4|           1|           4|
    |tmp_12_fu_910_p3         |  select  |      0|  0|   4|           1|           4|
    |tmp_13_fu_918_p3         |  select  |      0|  0|   4|           1|           4|
    |tmp_14_fu_926_p3         |  select  |      0|  0|   4|           1|           4|
    |tmp_15_fu_938_p3         |  select  |      0|  0|   6|           1|           5|
    |tmp_16_fu_1055_p3        |  select  |      0|  0|   5|           1|           5|
    |tmp_17_fu_1062_p3        |  select  |      0|  0|   5|           1|           5|
    |tmp_18_fu_1069_p3        |  select  |      0|  0|   5|           1|           5|
    |tmp_19_fu_1077_p3        |  select  |      0|  0|   5|           1|           5|
    |tmp_1_fu_701_p3          |  select  |      0|  0|   3|           1|           2|
    |tmp_20_fu_1085_p3        |  select  |      0|  0|   5|           1|           5|
    |tmp_21_fu_1093_p3        |  select  |      0|  0|   5|           1|           5|
    |tmp_22_fu_1101_p3        |  select  |      0|  0|   5|           1|           5|
    |tmp_23_fu_1109_p3        |  select  |      0|  0|   5|           1|           5|
    |tmp_24_fu_1176_p3        |  select  |      0|  0|   5|           1|           5|
    |tmp_25_fu_1183_p3        |  select  |      0|  0|   5|           1|           5|
    |tmp_26_fu_1191_p3        |  select  |      0|  0|   5|           1|           5|
    |tmp_27_fu_1199_p3        |  select  |      0|  0|   5|           1|           5|
    |tmp_28_fu_1207_p3        |  select  |      0|  0|   5|           1|           5|
    |tmp_29_fu_1215_p3        |  select  |      0|  0|   5|           1|           5|
    |tmp_2_fu_709_p3          |  select  |      0|  0|   2|           1|           2|
    |tmp_4_fu_721_p3          |  select  |      0|  0|   4|           1|           3|
    |tmp_5_fu_728_p3          |  select  |      0|  0|   3|           1|           3|
    |tmp_6_fu_736_p3          |  select  |      0|  0|   3|           1|           3|
    |tmp_7_fu_744_p3          |  select  |      0|  0|   3|           1|           3|
    |tmp_8_fu_756_p3          |  select  |      0|  0|   5|           1|           4|
    |tmp_9_fu_879_p3          |  select  |      0|  0|   4|           1|           4|
    |tmp_fu_1250_p33          |  select  |      0|  0|   5|           1|           5|
    |tmp_s_fu_886_p3          |  select  |      0|  0|   4|           1|           4|
    |not_s_fu_691_p2          |    xor   |      0|  0|   2|           1|           2|
    |not_tmp_3_10_fu_826_p2   |    xor   |      0|  0|   2|           1|           2|
    |not_tmp_3_11_fu_1121_p2  |    xor   |      0|  0|   2|           1|           2|
    |not_tmp_3_12_fu_1009_p2  |    xor   |      0|  0|   2|           1|           2|
    |not_tmp_3_13_fu_1223_p2  |    xor   |      0|  0|   2|           1|           2|
    |not_tmp_3_1_fu_638_p2    |    xor   |      0|  0|   2|           1|           2|
    |not_tmp_3_2_fu_602_p2    |    xor   |      0|  0|   2|           1|           2|
    |not_tmp_3_3_fu_587_p2    |    xor   |      0|  0|   2|           1|           2|
    |not_tmp_3_4_fu_767_p2    |    xor   |      0|  0|   2|           1|           2|
    |not_tmp_3_5_fu_658_p2    |    xor   |      0|  0|   2|           1|           2|
    |not_tmp_3_6_fu_791_p2    |    xor   |      0|  0|   2|           1|           2|
    |not_tmp_3_7_fu_949_p2    |    xor   |      0|  0|   2|           1|           2|
    |not_tmp_3_8_fu_964_p2    |    xor   |      0|  0|   2|           1|           2|
    |not_tmp_3_9_fu_984_p2    |    xor   |      0|  0|   2|           1|           2|
    |not_tmp_3_fu_806_p2      |    xor   |      0|  0|   2|           1|           2|
    |not_tmp_3_s_fu_622_p2    |    xor   |      0|  0|   2|           1|           2|
    +-------------------------+----------+-------+---+----+------------+------------+
    |Total                    |          |      0|  0| 862|         674|         613|
    +-------------------------+----------+-------+---+----+------------+------------+

    * Multiplexer: 
    +-----------+----+-----------+-----+-----------+
    |    Name   | LUT| Input Size| Bits| Total Bits|
    +-----------+----+-----------+-----+-----------+
    |ap_return  |   9|          2|   18|         36|
    +-----------+----+-----------+-----+-----------+
    |Total      |   9|          2|   18|         36|
    +-----------+----+-----------+-----+-----------+

    * Register: 
    +---------------------------------+----+----+-----+-----------+
    |               Name              | FF | LUT| Bits| Const Bits|
    +---------------------------------+----+----+-----+-----------+
    |ap_ce_reg                        |   1|   0|    1|          0|
    |ap_return_int_reg                |  18|   0|   18|          0|
    |brmerge12_reg_1557               |   1|   0|    1|          0|
    |brmerge18_reg_1586               |   1|   0|    1|          0|
    |brmerge24_reg_1598               |   1|   0|    1|          0|
    |p_2_57_reg_1551                  |   1|   0|    1|          0|
    |p_2_reg_1523                     |   1|   0|    1|          0|
    |p_36_s_47_reg_1517               |   1|   0|    1|          0|
    |p_36_s_reg_1511                  |   1|   0|    1|          0|
    |p_3_reg_1580                     |   1|   0|    1|          0|
    |p_3_reg_1580_pp0_iter4_reg       |   1|   0|    1|          0|
    |p_40_1_58_reg_1568               |   1|   0|    1|          0|
    |p_40_44_s_reg_1574               |   1|   0|    1|          0|
    |p_40_s_51_reg_1540               |   1|   0|    1|          0|
    |p_40_s_52_reg_1546               |   1|   0|    1|          0|
    |p_40_s_reg_1534                  |   1|   0|    1|          0|
    |p_s_41_reg_1502                  |   1|   0|    1|          0|
    |p_s_reg_1493                     |   1|   0|    1|          0|
    |p_s_reg_1493_pp0_iter1_reg       |   1|   0|    1|          0|
    |tmp_15_reg_1563                  |   5|   0|    5|          0|
    |tmp_23_reg_1593                  |   5|   0|    5|          0|
    |tmp_29_reg_1603                  |   5|   0|    5|          0|
    |tmp_3_10_reg_1385                |   1|   0|    1|          0|
    |tmp_3_10_reg_1385_pp0_iter1_reg  |   1|   0|    1|          0|
    |tmp_3_11_reg_1390                |   1|   0|    1|          0|
    |tmp_3_11_reg_1390_pp0_iter1_reg  |   1|   0|    1|          0|
    |tmp_3_12_reg_1395                |   1|   0|    1|          0|
    |tmp_3_12_reg_1395_pp0_iter1_reg  |   1|   0|    1|          0|
    |tmp_3_13_reg_1401                |   1|   0|    1|          0|
    |tmp_3_13_reg_1401_pp0_iter1_reg  |   1|   0|    1|          0|
    |tmp_3_14_reg_1406                |   1|   0|    1|          0|
    |tmp_3_14_reg_1406_pp0_iter1_reg  |   1|   0|    1|          0|
    |tmp_3_15_reg_1411                |   1|   0|    1|          0|
    |tmp_3_15_reg_1411_pp0_iter1_reg  |   1|   0|    1|          0|
    |tmp_3_16_reg_1417                |   1|   0|    1|          0|
    |tmp_3_17_reg_1423                |   1|   0|    1|          0|
    |tmp_3_18_reg_1429                |   1|   0|    1|          0|
    |tmp_3_19_reg_1434                |   1|   0|    1|          0|
    |tmp_3_1_reg_1331                 |   1|   0|    1|          0|
    |tmp_3_20_reg_1439                |   1|   0|    1|          0|
    |tmp_3_21_reg_1445                |   1|   0|    1|          0|
    |tmp_3_22_reg_1450                |   1|   0|    1|          0|
    |tmp_3_23_reg_1455                |   1|   0|    1|          0|
    |tmp_3_24_reg_1461                |   1|   0|    1|          0|
    |tmp_3_25_reg_1467                |   1|   0|    1|          0|
    |tmp_3_26_reg_1472                |   1|   0|    1|          0|
    |tmp_3_27_reg_1477                |   1|   0|    1|          0|
    |tmp_3_28_reg_1483                |   1|   0|    1|          0|
    |tmp_3_29_reg_1488                |   1|   0|    1|          0|
    |tmp_3_2_reg_1336                 |   1|   0|    1|          0|
    |tmp_3_3_reg_1341                 |   1|   0|    1|          0|
    |tmp_3_4_reg_1347                 |   1|   0|    1|          0|
    |tmp_3_5_reg_1363                 |   1|   0|    1|          0|
    |tmp_3_6_reg_1368                 |   1|   0|    1|          0|
    |tmp_3_7_reg_1352                 |   1|   0|    1|          0|
    |tmp_3_8_reg_1373                 |   1|   0|    1|          0|
    |tmp_3_9_reg_1379                 |   1|   0|    1|          0|
    |tmp_3_9_reg_1379_pp0_iter1_reg   |   1|   0|    1|          0|
    |tmp_3_reg_1320                   |   1|   0|    1|          0|
    |tmp_3_s_reg_1357                 |   1|   0|    1|          0|
    |tmp_8_reg_1529                   |   4|   0|    4|          0|
    |x_154_V_read_int_reg             |  18|   0|   18|          0|
    |x_155_V_read_int_reg             |  18|   0|   18|          0|
    |x_157_V_read_int_reg             |  18|   0|   18|          0|
    |x_205_V_read_int_reg             |  18|   0|   18|          0|
    |x_210_V_read_int_reg             |  18|   0|   18|          0|
    |x_236_V_read_int_reg             |  18|   0|   18|          0|
    |x_288_V_read_int_reg             |  18|   0|   18|          0|
    |x_318_V_read_int_reg             |  18|   0|   18|          0|
    |x_327_V_read_int_reg             |  18|   0|   18|          0|
    |x_347_V_read_int_reg             |  18|   0|   18|          0|
    |x_378_V_read_int_reg             |  18|   0|   18|          0|
    |x_383_V_read_int_reg             |  18|   0|   18|          0|
    |x_398_V_read_int_reg             |  18|   0|   18|          0|
    |x_408_V_read_int_reg             |  18|   0|   18|          0|
    |x_435_V_read_int_reg             |  18|   0|   18|          0|
    |x_454_V_read_int_reg             |  18|   0|   18|          0|
    |x_461_V_read_int_reg             |  18|   0|   18|          0|
    |x_466_V_read_int_reg             |  18|   0|   18|          0|
    |x_487_V_read_int_reg             |  18|   0|   18|          0|
    |x_516_V_read_int_reg             |  18|   0|   18|          0|
    |x_524_V_read_int_reg             |  18|   0|   18|          0|
    |x_542_V_read_int_reg             |  18|   0|   18|          0|
    |x_578_V_read_int_reg             |  18|   0|   18|          0|
    |x_591_V_read_int_reg             |  18|   0|   18|          0|
    |x_598_V_read_int_reg             |  18|   0|   18|          0|
    |x_636_V_read_int_reg             |  18|   0|   18|          0|
    |x_655_V_read_int_reg             |  18|   0|   18|          0|
    |x_660_V_read_int_reg             |  18|   0|   18|          0|
    |x_99_V_read_int_reg              |  18|   0|   18|          0|
    |tmp_3_16_reg_1417                |  64|  32|    1|          0|
    |tmp_3_17_reg_1423                |  64|  32|    1|          0|
    |tmp_3_18_reg_1429                |  64|  32|    1|          0|
    |tmp_3_19_reg_1434                |  64|  32|    1|          0|
    |tmp_3_20_reg_1439                |  64|  32|    1|          0|
    |tmp_3_21_reg_1445                |  64|  32|    1|          0|
    |tmp_3_22_reg_1450                |  64|  32|    1|          0|
    |tmp_3_23_reg_1455                |  64|  32|    1|          0|
    |tmp_3_24_reg_1461                |  64|  32|    1|          0|
    |tmp_3_25_reg_1467                |  64|  32|    1|          0|
    |tmp_3_26_reg_1472                |  64|  32|    1|          0|
    |tmp_3_27_reg_1477                |  64|  32|    1|          0|
    |tmp_3_28_reg_1483                |  64|  32|    1|          0|
    |tmp_3_29_reg_1488                |  64|  32|    1|          0|
    |tmp_3_reg_1320                   |  64|  32|    1|          0|
    +---------------------------------+----+----+-----+-----------+
    |Total                            |1575| 480|  630|          0|
    +---------------------------------+----+----+-----+-----------+



================================================================
== Interface
================================================================
* Summary: 
+--------------+-----+-----+------------+-------------------+--------------+
|   RTL Ports  | Dir | Bits|  Protocol  |   Source Object   |    C Type    |
+--------------+-----+-----+------------+-------------------+--------------+
|ap_clk        |  in |    1| ap_ctrl_hs | decision_function | return value |
|ap_rst        |  in |    1| ap_ctrl_hs | decision_function | return value |
|ap_return     | out |   18| ap_ctrl_hs | decision_function | return value |
|ap_ce         |  in |    1| ap_ctrl_hs | decision_function | return value |
|x_99_V_read   |  in |   18|   ap_none  |    x_99_V_read    |    scalar    |
|x_154_V_read  |  in |   18|   ap_none  |    x_154_V_read   |    scalar    |
|x_155_V_read  |  in |   18|   ap_none  |    x_155_V_read   |    scalar    |
|x_157_V_read  |  in |   18|   ap_none  |    x_157_V_read   |    scalar    |
|x_205_V_read  |  in |   18|   ap_none  |    x_205_V_read   |    scalar    |
|x_210_V_read  |  in |   18|   ap_none  |    x_210_V_read   |    scalar    |
|x_236_V_read  |  in |   18|   ap_none  |    x_236_V_read   |    scalar    |
|x_288_V_read  |  in |   18|   ap_none  |    x_288_V_read   |    scalar    |
|x_318_V_read  |  in |   18|   ap_none  |    x_318_V_read   |    scalar    |
|x_327_V_read  |  in |   18|   ap_none  |    x_327_V_read   |    scalar    |
|x_347_V_read  |  in |   18|   ap_none  |    x_347_V_read   |    scalar    |
|x_378_V_read  |  in |   18|   ap_none  |    x_378_V_read   |    scalar    |
|x_383_V_read  |  in |   18|   ap_none  |    x_383_V_read   |    scalar    |
|x_398_V_read  |  in |   18|   ap_none  |    x_398_V_read   |    scalar    |
|x_408_V_read  |  in |   18|   ap_none  |    x_408_V_read   |    scalar    |
|x_435_V_read  |  in |   18|   ap_none  |    x_435_V_read   |    scalar    |
|x_454_V_read  |  in |   18|   ap_none  |    x_454_V_read   |    scalar    |
|x_461_V_read  |  in |   18|   ap_none  |    x_461_V_read   |    scalar    |
|x_466_V_read  |  in |   18|   ap_none  |    x_466_V_read   |    scalar    |
|x_487_V_read  |  in |   18|   ap_none  |    x_487_V_read   |    scalar    |
|x_516_V_read  |  in |   18|   ap_none  |    x_516_V_read   |    scalar    |
|x_524_V_read  |  in |   18|   ap_none  |    x_524_V_read   |    scalar    |
|x_542_V_read  |  in |   18|   ap_none  |    x_542_V_read   |    scalar    |
|x_578_V_read  |  in |   18|   ap_none  |    x_578_V_read   |    scalar    |
|x_591_V_read  |  in |   18|   ap_none  |    x_591_V_read   |    scalar    |
|x_598_V_read  |  in |   18|   ap_none  |    x_598_V_read   |    scalar    |
|x_636_V_read  |  in |   18|   ap_none  |    x_636_V_read   |    scalar    |
|x_655_V_read  |  in |   18|   ap_none  |    x_655_V_read   |    scalar    |
|x_660_V_read  |  in |   18|   ap_none  |    x_660_V_read   |    scalar    |
+--------------+-----+-----+------------+-------------------+--------------+

