

================================================================
== Vivado HLS Report for 'my_prj'
================================================================
* Date:           Tue Aug  1 11:33:39 2023

* Version:        2018.3 (Build 2405991 on Thu Dec 06 23:56:15 MST 2018)
* Project:        my_prj_prj
* Solution:       solution1
* Product family: artix7
* Target device:  xc7a200tfbg676-2


================================================================
== Performance Estimates
================================================================
+ Timing (ns): 
    * Summary: 
    +--------+-------+----------+------------+
    |  Clock | Target| Estimated| Uncertainty|
    +--------+-------+----------+------------+
    |ap_clk  |   5.00|     4.372|        0.62|
    +--------+-------+----------+------------+

+ Latency (clock cycles): 
    * Summary: 
    +-----+-----+-----+-----+----------+
    |  Latency  |  Interval | Pipeline |
    | min | max | min | max |   Type   |
    +-----+-----+-----+-----+----------+
    |    7|    7|    1|    1| function |
    +-----+-----+-----+-----+----------+

    + Detail: 
        * Instance: 
        +---------------------------------+---------------------+-----+-----+-----+-----+----------+
        |                                 |                     |  Latency  |  Interval | Pipeline |
        |             Instance            |        Module       | min | max | min | max |   Type   |
        +---------------------------------+---------------------+-----+-----+-----+-----+----------+
        |grp_decision_function_2_fu_2083  |decision_function_2  |    5|    5|    1|    1| function |
        |grp_decision_function_1_fu_2149  |decision_function_1  |    5|    5|    1|    1| function |
        |grp_decision_function_fu_2211    |decision_function    |    5|    5|    1|    1| function |
        +---------------------------------+---------------------+-----+-----+-----+-----+----------+

        * Loop: 
        N/A



================================================================
== Utilization Estimates
================================================================
* Summary: 
+-----------------+---------+-------+--------+--------+
|       Name      | BRAM_18K| DSP48E|   FF   |   LUT  |
+-----------------+---------+-------+--------+--------+
|DSP              |        -|      -|       -|       -|
|Expression       |        -|      -|       0|      40|
|FIFO             |        -|      -|       -|       -|
|Instance         |        0|      -|    4761|    4488|
|Memory           |        -|      -|       -|       -|
|Multiplexer      |        -|      -|       -|       -|
|Register         |        -|      -|      62|       -|
+-----------------+---------+-------+--------+--------+
|Total            |        0|      0|    4823|    4528|
+-----------------+---------+-------+--------+--------+
|Available        |      730|    740|  269200|  129000|
+-----------------+---------+-------+--------+--------+
|Utilization (%)  |        0|      0|       1|       3|
+-----------------+---------+-------+--------+--------+

+ Detail: 
    * Instance: 
    +---------------------------------+---------------------+---------+-------+------+------+
    |             Instance            |        Module       | BRAM_18K| DSP48E|  FF  |  LUT |
    +---------------------------------+---------------------+---------+-------+------+------+
    |grp_decision_function_fu_2211    |decision_function    |        0|      0|  1575|  1496|
    |grp_decision_function_1_fu_2149  |decision_function_1  |        0|      0|  1575|  1496|
    |grp_decision_function_2_fu_2083  |decision_function_2  |        0|      0|  1611|  1496|
    +---------------------------------+---------------------+---------+-------+------+------+
    |Total                            |                     |        0|      0|  4761|  4488|
    +---------------------------------+---------------------+---------+-------+------+------+

    * DSP48: 
    N/A

    * Memory: 
    N/A

    * FIFO: 
    N/A

    * Expression: 
    +---------------------------+----------+-------+---+----+------------+------------+
    |       Variable Name       | Operation| DSP48E| FF| LUT| Bitwidth P0| Bitwidth P1|
    +---------------------------+----------+-------+---+----+------------+------------+
    |score_0_V                  |     +    |      0|  0|  18|          18|          18|
    |tmp_fu_2273_p2             |     +    |      0|  0|  18|          18|          18|
    |ap_block_pp0_stage0_01001  |    and   |      0|  0|   2|           1|           1|
    |ap_enable_pp0              |    xor   |      0|  0|   2|           1|           2|
    +---------------------------+----------+-------+---+----+------------+------------+
    |Total                      |          |      0|  0|  40|          38|          39|
    +---------------------------+----------+-------+---+----+------------+------------+

    * Multiplexer: 
    N/A

    * Register: 
    +-----------------------------+----+----+-----+-----------+
    |             Name            | FF | LUT| Bits| Const Bits|
    +-----------------------------+----+----+-----+-----------+
    |ap_CS_fsm                    |   1|   0|    1|          0|
    |ap_enable_reg_pp0_iter1      |   1|   0|    1|          0|
    |ap_enable_reg_pp0_iter2      |   1|   0|    1|          0|
    |ap_enable_reg_pp0_iter3      |   1|   0|    1|          0|
    |ap_enable_reg_pp0_iter4      |   1|   0|    1|          0|
    |ap_enable_reg_pp0_iter5      |   1|   0|    1|          0|
    |ap_enable_reg_pp0_iter6      |   1|   0|    1|          0|
    |ap_enable_reg_pp0_iter7      |   1|   0|    1|          0|
    |scores_0_0_V_write_reg_2680  |  18|   0|   18|          0|
    |scores_1_0_V_write_reg_2685  |  18|   0|   18|          0|
    |scores_2_0_V_write_reg_2690  |  18|   0|   18|          0|
    +-----------------------------+----+----+-----+-----------+
    |Total                        |  62|   0|   62|          0|
    +-----------------------------+----+----+-----+-----------+



================================================================
== Interface
================================================================
* Summary: 
+------------------+-----+-----+------------+--------------+--------------+
|     RTL Ports    | Dir | Bits|  Protocol  | Source Object|    C Type    |
+------------------+-----+-----+------------+--------------+--------------+
|ap_clk            |  in |    1| ap_ctrl_hs |    my_prj    | return value |
|ap_rst            |  in |    1| ap_ctrl_hs |    my_prj    | return value |
|ap_start          |  in |    1| ap_ctrl_hs |    my_prj    | return value |
|ap_done           | out |    1| ap_ctrl_hs |    my_prj    | return value |
|ap_idle           | out |    1| ap_ctrl_hs |    my_prj    | return value |
|ap_ready          | out |    1| ap_ctrl_hs |    my_prj    | return value |
|x_0_V             |  in |   18|   ap_none  |     x_0_V    |    pointer   |
|x_1_V             |  in |   18|   ap_none  |     x_1_V    |    pointer   |
|x_2_V             |  in |   18|   ap_none  |     x_2_V    |    pointer   |
|x_3_V             |  in |   18|   ap_none  |     x_3_V    |    pointer   |
|x_4_V             |  in |   18|   ap_none  |     x_4_V    |    pointer   |
|x_5_V             |  in |   18|   ap_none  |     x_5_V    |    pointer   |
|x_6_V             |  in |   18|   ap_none  |     x_6_V    |    pointer   |
|x_7_V             |  in |   18|   ap_none  |     x_7_V    |    pointer   |
|x_8_V             |  in |   18|   ap_none  |     x_8_V    |    pointer   |
|x_9_V             |  in |   18|   ap_none  |     x_9_V    |    pointer   |
|x_10_V            |  in |   18|   ap_none  |    x_10_V    |    pointer   |
|x_11_V            |  in |   18|   ap_none  |    x_11_V    |    pointer   |
|x_12_V            |  in |   18|   ap_none  |    x_12_V    |    pointer   |
|x_13_V            |  in |   18|   ap_none  |    x_13_V    |    pointer   |
|x_14_V            |  in |   18|   ap_none  |    x_14_V    |    pointer   |
|x_15_V            |  in |   18|   ap_none  |    x_15_V    |    pointer   |
|x_16_V            |  in |   18|   ap_none  |    x_16_V    |    pointer   |
|x_17_V            |  in |   18|   ap_none  |    x_17_V    |    pointer   |
|x_18_V            |  in |   18|   ap_none  |    x_18_V    |    pointer   |
|x_19_V            |  in |   18|   ap_none  |    x_19_V    |    pointer   |
|x_20_V            |  in |   18|   ap_none  |    x_20_V    |    pointer   |
|x_21_V            |  in |   18|   ap_none  |    x_21_V    |    pointer   |
|x_22_V            |  in |   18|   ap_none  |    x_22_V    |    pointer   |
|x_23_V            |  in |   18|   ap_none  |    x_23_V    |    pointer   |
|x_24_V            |  in |   18|   ap_none  |    x_24_V    |    pointer   |
|x_25_V            |  in |   18|   ap_none  |    x_25_V    |    pointer   |
|x_26_V            |  in |   18|   ap_none  |    x_26_V    |    pointer   |
|x_27_V            |  in |   18|   ap_none  |    x_27_V    |    pointer   |
|x_28_V            |  in |   18|   ap_none  |    x_28_V    |    pointer   |
|x_29_V            |  in |   18|   ap_none  |    x_29_V    |    pointer   |
|x_30_V            |  in |   18|   ap_none  |    x_30_V    |    pointer   |
|x_31_V            |  in |   18|   ap_none  |    x_31_V    |    pointer   |
|x_32_V            |  in |   18|   ap_none  |    x_32_V    |    pointer   |
|x_33_V            |  in |   18|   ap_none  |    x_33_V    |    pointer   |
|x_34_V            |  in |   18|   ap_none  |    x_34_V    |    pointer   |
|x_35_V            |  in |   18|   ap_none  |    x_35_V    |    pointer   |
|x_36_V            |  in |   18|   ap_none  |    x_36_V    |    pointer   |
|x_37_V            |  in |   18|   ap_none  |    x_37_V    |    pointer   |
|x_38_V            |  in |   18|   ap_none  |    x_38_V    |    pointer   |
|x_39_V            |  in |   18|   ap_none  |    x_39_V    |    pointer   |
|x_40_V            |  in |   18|   ap_none  |    x_40_V    |    pointer   |
|x_41_V            |  in |   18|   ap_none  |    x_41_V    |    pointer   |
|x_42_V            |  in |   18|   ap_none  |    x_42_V    |    pointer   |
|x_43_V            |  in |   18|   ap_none  |    x_43_V    |    pointer   |
|x_44_V            |  in |   18|   ap_none  |    x_44_V    |    pointer   |
|x_45_V            |  in |   18|   ap_none  |    x_45_V    |    pointer   |
|x_46_V            |  in |   18|   ap_none  |    x_46_V    |    pointer   |
|x_47_V            |  in |   18|   ap_none  |    x_47_V    |    pointer   |
|x_48_V            |  in |   18|   ap_none  |    x_48_V    |    pointer   |
|x_49_V            |  in |   18|   ap_none  |    x_49_V    |    pointer   |
|x_50_V            |  in |   18|   ap_none  |    x_50_V    |    pointer   |
|x_51_V            |  in |   18|   ap_none  |    x_51_V    |    pointer   |
|x_52_V            |  in |   18|   ap_none  |    x_52_V    |    pointer   |
|x_53_V            |  in |   18|   ap_none  |    x_53_V    |    pointer   |
|x_54_V            |  in |   18|   ap_none  |    x_54_V    |    pointer   |
|x_55_V            |  in |   18|   ap_none  |    x_55_V    |    pointer   |
|x_56_V            |  in |   18|   ap_none  |    x_56_V    |    pointer   |
|x_57_V            |  in |   18|   ap_none  |    x_57_V    |    pointer   |
|x_58_V            |  in |   18|   ap_none  |    x_58_V    |    pointer   |
|x_59_V            |  in |   18|   ap_none  |    x_59_V    |    pointer   |
|x_60_V            |  in |   18|   ap_none  |    x_60_V    |    pointer   |
|x_61_V            |  in |   18|   ap_none  |    x_61_V    |    pointer   |
|x_62_V            |  in |   18|   ap_none  |    x_62_V    |    pointer   |
|x_63_V            |  in |   18|   ap_none  |    x_63_V    |    pointer   |
|x_64_V            |  in |   18|   ap_none  |    x_64_V    |    pointer   |
|x_65_V            |  in |   18|   ap_none  |    x_65_V    |    pointer   |
|x_66_V            |  in |   18|   ap_none  |    x_66_V    |    pointer   |
|x_67_V            |  in |   18|   ap_none  |    x_67_V    |    pointer   |
|x_68_V            |  in |   18|   ap_none  |    x_68_V    |    pointer   |
|x_69_V            |  in |   18|   ap_none  |    x_69_V    |    pointer   |
|x_70_V            |  in |   18|   ap_none  |    x_70_V    |    pointer   |
|x_71_V            |  in |   18|   ap_none  |    x_71_V    |    pointer   |
|x_72_V            |  in |   18|   ap_none  |    x_72_V    |    pointer   |
|x_73_V            |  in |   18|   ap_none  |    x_73_V    |    pointer   |
|x_74_V            |  in |   18|   ap_none  |    x_74_V    |    pointer   |
|x_75_V            |  in |   18|   ap_none  |    x_75_V    |    pointer   |
|x_76_V            |  in |   18|   ap_none  |    x_76_V    |    pointer   |
|x_77_V            |  in |   18|   ap_none  |    x_77_V    |    pointer   |
|x_78_V            |  in |   18|   ap_none  |    x_78_V    |    pointer   |
|x_79_V            |  in |   18|   ap_none  |    x_79_V    |    pointer   |
|x_80_V            |  in |   18|   ap_none  |    x_80_V    |    pointer   |
|x_81_V            |  in |   18|   ap_none  |    x_81_V    |    pointer   |
|x_82_V            |  in |   18|   ap_none  |    x_82_V    |    pointer   |
|x_83_V            |  in |   18|   ap_none  |    x_83_V    |    pointer   |
|x_84_V            |  in |   18|   ap_none  |    x_84_V    |    pointer   |
|x_85_V            |  in |   18|   ap_none  |    x_85_V    |    pointer   |
|x_86_V            |  in |   18|   ap_none  |    x_86_V    |    pointer   |
|x_87_V            |  in |   18|   ap_none  |    x_87_V    |    pointer   |
|x_88_V            |  in |   18|   ap_none  |    x_88_V    |    pointer   |
|x_89_V            |  in |   18|   ap_none  |    x_89_V    |    pointer   |
|x_90_V            |  in |   18|   ap_none  |    x_90_V    |    pointer   |
|x_91_V            |  in |   18|   ap_none  |    x_91_V    |    pointer   |
|x_92_V            |  in |   18|   ap_none  |    x_92_V    |    pointer   |
|x_93_V            |  in |   18|   ap_none  |    x_93_V    |    pointer   |
|x_94_V            |  in |   18|   ap_none  |    x_94_V    |    pointer   |
|x_95_V            |  in |   18|   ap_none  |    x_95_V    |    pointer   |
|x_96_V            |  in |   18|   ap_none  |    x_96_V    |    pointer   |
|x_97_V            |  in |   18|   ap_none  |    x_97_V    |    pointer   |
|x_98_V            |  in |   18|   ap_none  |    x_98_V    |    pointer   |
|x_99_V            |  in |   18|   ap_none  |    x_99_V    |    pointer   |
|x_100_V           |  in |   18|   ap_none  |    x_100_V   |    pointer   |
|x_101_V           |  in |   18|   ap_none  |    x_101_V   |    pointer   |
|x_102_V           |  in |   18|   ap_none  |    x_102_V   |    pointer   |
|x_103_V           |  in |   18|   ap_none  |    x_103_V   |    pointer   |
|x_104_V           |  in |   18|   ap_none  |    x_104_V   |    pointer   |
|x_105_V           |  in |   18|   ap_none  |    x_105_V   |    pointer   |
|x_106_V           |  in |   18|   ap_none  |    x_106_V   |    pointer   |
|x_107_V           |  in |   18|   ap_none  |    x_107_V   |    pointer   |
|x_108_V           |  in |   18|   ap_none  |    x_108_V   |    pointer   |
|x_109_V           |  in |   18|   ap_none  |    x_109_V   |    pointer   |
|x_110_V           |  in |   18|   ap_none  |    x_110_V   |    pointer   |
|x_111_V           |  in |   18|   ap_none  |    x_111_V   |    pointer   |
|x_112_V           |  in |   18|   ap_none  |    x_112_V   |    pointer   |
|x_113_V           |  in |   18|   ap_none  |    x_113_V   |    pointer   |
|x_114_V           |  in |   18|   ap_none  |    x_114_V   |    pointer   |
|x_115_V           |  in |   18|   ap_none  |    x_115_V   |    pointer   |
|x_116_V           |  in |   18|   ap_none  |    x_116_V   |    pointer   |
|x_117_V           |  in |   18|   ap_none  |    x_117_V   |    pointer   |
|x_118_V           |  in |   18|   ap_none  |    x_118_V   |    pointer   |
|x_119_V           |  in |   18|   ap_none  |    x_119_V   |    pointer   |
|x_120_V           |  in |   18|   ap_none  |    x_120_V   |    pointer   |
|x_121_V           |  in |   18|   ap_none  |    x_121_V   |    pointer   |
|x_122_V           |  in |   18|   ap_none  |    x_122_V   |    pointer   |
|x_123_V           |  in |   18|   ap_none  |    x_123_V   |    pointer   |
|x_124_V           |  in |   18|   ap_none  |    x_124_V   |    pointer   |
|x_125_V           |  in |   18|   ap_none  |    x_125_V   |    pointer   |
|x_126_V           |  in |   18|   ap_none  |    x_126_V   |    pointer   |
|x_127_V           |  in |   18|   ap_none  |    x_127_V   |    pointer   |
|x_128_V           |  in |   18|   ap_none  |    x_128_V   |    pointer   |
|x_129_V           |  in |   18|   ap_none  |    x_129_V   |    pointer   |
|x_130_V           |  in |   18|   ap_none  |    x_130_V   |    pointer   |
|x_131_V           |  in |   18|   ap_none  |    x_131_V   |    pointer   |
|x_132_V           |  in |   18|   ap_none  |    x_132_V   |    pointer   |
|x_133_V           |  in |   18|   ap_none  |    x_133_V   |    pointer   |
|x_134_V           |  in |   18|   ap_none  |    x_134_V   |    pointer   |
|x_135_V           |  in |   18|   ap_none  |    x_135_V   |    pointer   |
|x_136_V           |  in |   18|   ap_none  |    x_136_V   |    pointer   |
|x_137_V           |  in |   18|   ap_none  |    x_137_V   |    pointer   |
|x_138_V           |  in |   18|   ap_none  |    x_138_V   |    pointer   |
|x_139_V           |  in |   18|   ap_none  |    x_139_V   |    pointer   |
|x_140_V           |  in |   18|   ap_none  |    x_140_V   |    pointer   |
|x_141_V           |  in |   18|   ap_none  |    x_141_V   |    pointer   |
|x_142_V           |  in |   18|   ap_none  |    x_142_V   |    pointer   |
|x_143_V           |  in |   18|   ap_none  |    x_143_V   |    pointer   |
|x_144_V           |  in |   18|   ap_none  |    x_144_V   |    pointer   |
|x_145_V           |  in |   18|   ap_none  |    x_145_V   |    pointer   |
|x_146_V           |  in |   18|   ap_none  |    x_146_V   |    pointer   |
|x_147_V           |  in |   18|   ap_none  |    x_147_V   |    pointer   |
|x_148_V           |  in |   18|   ap_none  |    x_148_V   |    pointer   |
|x_149_V           |  in |   18|   ap_none  |    x_149_V   |    pointer   |
|x_150_V           |  in |   18|   ap_none  |    x_150_V   |    pointer   |
|x_151_V           |  in |   18|   ap_none  |    x_151_V   |    pointer   |
|x_152_V           |  in |   18|   ap_none  |    x_152_V   |    pointer   |
|x_153_V           |  in |   18|   ap_none  |    x_153_V   |    pointer   |
|x_154_V           |  in |   18|   ap_none  |    x_154_V   |    pointer   |
|x_155_V           |  in |   18|   ap_none  |    x_155_V   |    pointer   |
|x_156_V           |  in |   18|   ap_none  |    x_156_V   |    pointer   |
|x_157_V           |  in |   18|   ap_none  |    x_157_V   |    pointer   |
|x_158_V           |  in |   18|   ap_none  |    x_158_V   |    pointer   |
|x_159_V           |  in |   18|   ap_none  |    x_159_V   |    pointer   |
|x_160_V           |  in |   18|   ap_none  |    x_160_V   |    pointer   |
|x_161_V           |  in |   18|   ap_none  |    x_161_V   |    pointer   |
|x_162_V           |  in |   18|   ap_none  |    x_162_V   |    pointer   |
|x_163_V           |  in |   18|   ap_none  |    x_163_V   |    pointer   |
|x_164_V           |  in |   18|   ap_none  |    x_164_V   |    pointer   |
|x_165_V           |  in |   18|   ap_none  |    x_165_V   |    pointer   |
|x_166_V           |  in |   18|   ap_none  |    x_166_V   |    pointer   |
|x_167_V           |  in |   18|   ap_none  |    x_167_V   |    pointer   |
|x_168_V           |  in |   18|   ap_none  |    x_168_V   |    pointer   |
|x_169_V           |  in |   18|   ap_none  |    x_169_V   |    pointer   |
|x_170_V           |  in |   18|   ap_none  |    x_170_V   |    pointer   |
|x_171_V           |  in |   18|   ap_none  |    x_171_V   |    pointer   |
|x_172_V           |  in |   18|   ap_none  |    x_172_V   |    pointer   |
|x_173_V           |  in |   18|   ap_none  |    x_173_V   |    pointer   |
|x_174_V           |  in |   18|   ap_none  |    x_174_V   |    pointer   |
|x_175_V           |  in |   18|   ap_none  |    x_175_V   |    pointer   |
|x_176_V           |  in |   18|   ap_none  |    x_176_V   |    pointer   |
|x_177_V           |  in |   18|   ap_none  |    x_177_V   |    pointer   |
|x_178_V           |  in |   18|   ap_none  |    x_178_V   |    pointer   |
|x_179_V           |  in |   18|   ap_none  |    x_179_V   |    pointer   |
|x_180_V           |  in |   18|   ap_none  |    x_180_V   |    pointer   |
|x_181_V           |  in |   18|   ap_none  |    x_181_V   |    pointer   |
|x_182_V           |  in |   18|   ap_none  |    x_182_V   |    pointer   |
|x_183_V           |  in |   18|   ap_none  |    x_183_V   |    pointer   |
|x_184_V           |  in |   18|   ap_none  |    x_184_V   |    pointer   |
|x_185_V           |  in |   18|   ap_none  |    x_185_V   |    pointer   |
|x_186_V           |  in |   18|   ap_none  |    x_186_V   |    pointer   |
|x_187_V           |  in |   18|   ap_none  |    x_187_V   |    pointer   |
|x_188_V           |  in |   18|   ap_none  |    x_188_V   |    pointer   |
|x_189_V           |  in |   18|   ap_none  |    x_189_V   |    pointer   |
|x_190_V           |  in |   18|   ap_none  |    x_190_V   |    pointer   |
|x_191_V           |  in |   18|   ap_none  |    x_191_V   |    pointer   |
|x_192_V           |  in |   18|   ap_none  |    x_192_V   |    pointer   |
|x_193_V           |  in |   18|   ap_none  |    x_193_V   |    pointer   |
|x_194_V           |  in |   18|   ap_none  |    x_194_V   |    pointer   |
|x_195_V           |  in |   18|   ap_none  |    x_195_V   |    pointer   |
|x_196_V           |  in |   18|   ap_none  |    x_196_V   |    pointer   |
|x_197_V           |  in |   18|   ap_none  |    x_197_V   |    pointer   |
|x_198_V           |  in |   18|   ap_none  |    x_198_V   |    pointer   |
|x_199_V           |  in |   18|   ap_none  |    x_199_V   |    pointer   |
|x_200_V           |  in |   18|   ap_none  |    x_200_V   |    pointer   |
|x_201_V           |  in |   18|   ap_none  |    x_201_V   |    pointer   |
|x_202_V           |  in |   18|   ap_none  |    x_202_V   |    pointer   |
|x_203_V           |  in |   18|   ap_none  |    x_203_V   |    pointer   |
|x_204_V           |  in |   18|   ap_none  |    x_204_V   |    pointer   |
|x_205_V           |  in |   18|   ap_none  |    x_205_V   |    pointer   |
|x_206_V           |  in |   18|   ap_none  |    x_206_V   |    pointer   |
|x_207_V           |  in |   18|   ap_none  |    x_207_V   |    pointer   |
|x_208_V           |  in |   18|   ap_none  |    x_208_V   |    pointer   |
|x_209_V           |  in |   18|   ap_none  |    x_209_V   |    pointer   |
|x_210_V           |  in |   18|   ap_none  |    x_210_V   |    pointer   |
|x_211_V           |  in |   18|   ap_none  |    x_211_V   |    pointer   |
|x_212_V           |  in |   18|   ap_none  |    x_212_V   |    pointer   |
|x_213_V           |  in |   18|   ap_none  |    x_213_V   |    pointer   |
|x_214_V           |  in |   18|   ap_none  |    x_214_V   |    pointer   |
|x_215_V           |  in |   18|   ap_none  |    x_215_V   |    pointer   |
|x_216_V           |  in |   18|   ap_none  |    x_216_V   |    pointer   |
|x_217_V           |  in |   18|   ap_none  |    x_217_V   |    pointer   |
|x_218_V           |  in |   18|   ap_none  |    x_218_V   |    pointer   |
|x_219_V           |  in |   18|   ap_none  |    x_219_V   |    pointer   |
|x_220_V           |  in |   18|   ap_none  |    x_220_V   |    pointer   |
|x_221_V           |  in |   18|   ap_none  |    x_221_V   |    pointer   |
|x_222_V           |  in |   18|   ap_none  |    x_222_V   |    pointer   |
|x_223_V           |  in |   18|   ap_none  |    x_223_V   |    pointer   |
|x_224_V           |  in |   18|   ap_none  |    x_224_V   |    pointer   |
|x_225_V           |  in |   18|   ap_none  |    x_225_V   |    pointer   |
|x_226_V           |  in |   18|   ap_none  |    x_226_V   |    pointer   |
|x_227_V           |  in |   18|   ap_none  |    x_227_V   |    pointer   |
|x_228_V           |  in |   18|   ap_none  |    x_228_V   |    pointer   |
|x_229_V           |  in |   18|   ap_none  |    x_229_V   |    pointer   |
|x_230_V           |  in |   18|   ap_none  |    x_230_V   |    pointer   |
|x_231_V           |  in |   18|   ap_none  |    x_231_V   |    pointer   |
|x_232_V           |  in |   18|   ap_none  |    x_232_V   |    pointer   |
|x_233_V           |  in |   18|   ap_none  |    x_233_V   |    pointer   |
|x_234_V           |  in |   18|   ap_none  |    x_234_V   |    pointer   |
|x_235_V           |  in |   18|   ap_none  |    x_235_V   |    pointer   |
|x_236_V           |  in |   18|   ap_none  |    x_236_V   |    pointer   |
|x_237_V           |  in |   18|   ap_none  |    x_237_V   |    pointer   |
|x_238_V           |  in |   18|   ap_none  |    x_238_V   |    pointer   |
|x_239_V           |  in |   18|   ap_none  |    x_239_V   |    pointer   |
|x_240_V           |  in |   18|   ap_none  |    x_240_V   |    pointer   |
|x_241_V           |  in |   18|   ap_none  |    x_241_V   |    pointer   |
|x_242_V           |  in |   18|   ap_none  |    x_242_V   |    pointer   |
|x_243_V           |  in |   18|   ap_none  |    x_243_V   |    pointer   |
|x_244_V           |  in |   18|   ap_none  |    x_244_V   |    pointer   |
|x_245_V           |  in |   18|   ap_none  |    x_245_V   |    pointer   |
|x_246_V           |  in |   18|   ap_none  |    x_246_V   |    pointer   |
|x_247_V           |  in |   18|   ap_none  |    x_247_V   |    pointer   |
|x_248_V           |  in |   18|   ap_none  |    x_248_V   |    pointer   |
|x_249_V           |  in |   18|   ap_none  |    x_249_V   |    pointer   |
|x_250_V           |  in |   18|   ap_none  |    x_250_V   |    pointer   |
|x_251_V           |  in |   18|   ap_none  |    x_251_V   |    pointer   |
|x_252_V           |  in |   18|   ap_none  |    x_252_V   |    pointer   |
|x_253_V           |  in |   18|   ap_none  |    x_253_V   |    pointer   |
|x_254_V           |  in |   18|   ap_none  |    x_254_V   |    pointer   |
|x_255_V           |  in |   18|   ap_none  |    x_255_V   |    pointer   |
|x_256_V           |  in |   18|   ap_none  |    x_256_V   |    pointer   |
|x_257_V           |  in |   18|   ap_none  |    x_257_V   |    pointer   |
|x_258_V           |  in |   18|   ap_none  |    x_258_V   |    pointer   |
|x_259_V           |  in |   18|   ap_none  |    x_259_V   |    pointer   |
|x_260_V           |  in |   18|   ap_none  |    x_260_V   |    pointer   |
|x_261_V           |  in |   18|   ap_none  |    x_261_V   |    pointer   |
|x_262_V           |  in |   18|   ap_none  |    x_262_V   |    pointer   |
|x_263_V           |  in |   18|   ap_none  |    x_263_V   |    pointer   |
|x_264_V           |  in |   18|   ap_none  |    x_264_V   |    pointer   |
|x_265_V           |  in |   18|   ap_none  |    x_265_V   |    pointer   |
|x_266_V           |  in |   18|   ap_none  |    x_266_V   |    pointer   |
|x_267_V           |  in |   18|   ap_none  |    x_267_V   |    pointer   |
|x_268_V           |  in |   18|   ap_none  |    x_268_V   |    pointer   |
|x_269_V           |  in |   18|   ap_none  |    x_269_V   |    pointer   |
|x_270_V           |  in |   18|   ap_none  |    x_270_V   |    pointer   |
|x_271_V           |  in |   18|   ap_none  |    x_271_V   |    pointer   |
|x_272_V           |  in |   18|   ap_none  |    x_272_V   |    pointer   |
|x_273_V           |  in |   18|   ap_none  |    x_273_V   |    pointer   |
|x_274_V           |  in |   18|   ap_none  |    x_274_V   |    pointer   |
|x_275_V           |  in |   18|   ap_none  |    x_275_V   |    pointer   |
|x_276_V           |  in |   18|   ap_none  |    x_276_V   |    pointer   |
|x_277_V           |  in |   18|   ap_none  |    x_277_V   |    pointer   |
|x_278_V           |  in |   18|   ap_none  |    x_278_V   |    pointer   |
|x_279_V           |  in |   18|   ap_none  |    x_279_V   |    pointer   |
|x_280_V           |  in |   18|   ap_none  |    x_280_V   |    pointer   |
|x_281_V           |  in |   18|   ap_none  |    x_281_V   |    pointer   |
|x_282_V           |  in |   18|   ap_none  |    x_282_V   |    pointer   |
|x_283_V           |  in |   18|   ap_none  |    x_283_V   |    pointer   |
|x_284_V           |  in |   18|   ap_none  |    x_284_V   |    pointer   |
|x_285_V           |  in |   18|   ap_none  |    x_285_V   |    pointer   |
|x_286_V           |  in |   18|   ap_none  |    x_286_V   |    pointer   |
|x_287_V           |  in |   18|   ap_none  |    x_287_V   |    pointer   |
|x_288_V           |  in |   18|   ap_none  |    x_288_V   |    pointer   |
|x_289_V           |  in |   18|   ap_none  |    x_289_V   |    pointer   |
|x_290_V           |  in |   18|   ap_none  |    x_290_V   |    pointer   |
|x_291_V           |  in |   18|   ap_none  |    x_291_V   |    pointer   |
|x_292_V           |  in |   18|   ap_none  |    x_292_V   |    pointer   |
|x_293_V           |  in |   18|   ap_none  |    x_293_V   |    pointer   |
|x_294_V           |  in |   18|   ap_none  |    x_294_V   |    pointer   |
|x_295_V           |  in |   18|   ap_none  |    x_295_V   |    pointer   |
|x_296_V           |  in |   18|   ap_none  |    x_296_V   |    pointer   |
|x_297_V           |  in |   18|   ap_none  |    x_297_V   |    pointer   |
|x_298_V           |  in |   18|   ap_none  |    x_298_V   |    pointer   |
|x_299_V           |  in |   18|   ap_none  |    x_299_V   |    pointer   |
|x_300_V           |  in |   18|   ap_none  |    x_300_V   |    pointer   |
|x_301_V           |  in |   18|   ap_none  |    x_301_V   |    pointer   |
|x_302_V           |  in |   18|   ap_none  |    x_302_V   |    pointer   |
|x_303_V           |  in |   18|   ap_none  |    x_303_V   |    pointer   |
|x_304_V           |  in |   18|   ap_none  |    x_304_V   |    pointer   |
|x_305_V           |  in |   18|   ap_none  |    x_305_V   |    pointer   |
|x_306_V           |  in |   18|   ap_none  |    x_306_V   |    pointer   |
|x_307_V           |  in |   18|   ap_none  |    x_307_V   |    pointer   |
|x_308_V           |  in |   18|   ap_none  |    x_308_V   |    pointer   |
|x_309_V           |  in |   18|   ap_none  |    x_309_V   |    pointer   |
|x_310_V           |  in |   18|   ap_none  |    x_310_V   |    pointer   |
|x_311_V           |  in |   18|   ap_none  |    x_311_V   |    pointer   |
|x_312_V           |  in |   18|   ap_none  |    x_312_V   |    pointer   |
|x_313_V           |  in |   18|   ap_none  |    x_313_V   |    pointer   |
|x_314_V           |  in |   18|   ap_none  |    x_314_V   |    pointer   |
|x_315_V           |  in |   18|   ap_none  |    x_315_V   |    pointer   |
|x_316_V           |  in |   18|   ap_none  |    x_316_V   |    pointer   |
|x_317_V           |  in |   18|   ap_none  |    x_317_V   |    pointer   |
|x_318_V           |  in |   18|   ap_none  |    x_318_V   |    pointer   |
|x_319_V           |  in |   18|   ap_none  |    x_319_V   |    pointer   |
|x_320_V           |  in |   18|   ap_none  |    x_320_V   |    pointer   |
|x_321_V           |  in |   18|   ap_none  |    x_321_V   |    pointer   |
|x_322_V           |  in |   18|   ap_none  |    x_322_V   |    pointer   |
|x_323_V           |  in |   18|   ap_none  |    x_323_V   |    pointer   |
|x_324_V           |  in |   18|   ap_none  |    x_324_V   |    pointer   |
|x_325_V           |  in |   18|   ap_none  |    x_325_V   |    pointer   |
|x_326_V           |  in |   18|   ap_none  |    x_326_V   |    pointer   |
|x_327_V           |  in |   18|   ap_none  |    x_327_V   |    pointer   |
|x_328_V           |  in |   18|   ap_none  |    x_328_V   |    pointer   |
|x_329_V           |  in |   18|   ap_none  |    x_329_V   |    pointer   |
|x_330_V           |  in |   18|   ap_none  |    x_330_V   |    pointer   |
|x_331_V           |  in |   18|   ap_none  |    x_331_V   |    pointer   |
|x_332_V           |  in |   18|   ap_none  |    x_332_V   |    pointer   |
|x_333_V           |  in |   18|   ap_none  |    x_333_V   |    pointer   |
|x_334_V           |  in |   18|   ap_none  |    x_334_V   |    pointer   |
|x_335_V           |  in |   18|   ap_none  |    x_335_V   |    pointer   |
|x_336_V           |  in |   18|   ap_none  |    x_336_V   |    pointer   |
|x_337_V           |  in |   18|   ap_none  |    x_337_V   |    pointer   |
|x_338_V           |  in |   18|   ap_none  |    x_338_V   |    pointer   |
|x_339_V           |  in |   18|   ap_none  |    x_339_V   |    pointer   |
|x_340_V           |  in |   18|   ap_none  |    x_340_V   |    pointer   |
|x_341_V           |  in |   18|   ap_none  |    x_341_V   |    pointer   |
|x_342_V           |  in |   18|   ap_none  |    x_342_V   |    pointer   |
|x_343_V           |  in |   18|   ap_none  |    x_343_V   |    pointer   |
|x_344_V           |  in |   18|   ap_none  |    x_344_V   |    pointer   |
|x_345_V           |  in |   18|   ap_none  |    x_345_V   |    pointer   |
|x_346_V           |  in |   18|   ap_none  |    x_346_V   |    pointer   |
|x_347_V           |  in |   18|   ap_none  |    x_347_V   |    pointer   |
|x_348_V           |  in |   18|   ap_none  |    x_348_V   |    pointer   |
|x_349_V           |  in |   18|   ap_none  |    x_349_V   |    pointer   |
|x_350_V           |  in |   18|   ap_none  |    x_350_V   |    pointer   |
|x_351_V           |  in |   18|   ap_none  |    x_351_V   |    pointer   |
|x_352_V           |  in |   18|   ap_none  |    x_352_V   |    pointer   |
|x_353_V           |  in |   18|   ap_none  |    x_353_V   |    pointer   |
|x_354_V           |  in |   18|   ap_none  |    x_354_V   |    pointer   |
|x_355_V           |  in |   18|   ap_none  |    x_355_V   |    pointer   |
|x_356_V           |  in |   18|   ap_none  |    x_356_V   |    pointer   |
|x_357_V           |  in |   18|   ap_none  |    x_357_V   |    pointer   |
|x_358_V           |  in |   18|   ap_none  |    x_358_V   |    pointer   |
|x_359_V           |  in |   18|   ap_none  |    x_359_V   |    pointer   |
|x_360_V           |  in |   18|   ap_none  |    x_360_V   |    pointer   |
|x_361_V           |  in |   18|   ap_none  |    x_361_V   |    pointer   |
|x_362_V           |  in |   18|   ap_none  |    x_362_V   |    pointer   |
|x_363_V           |  in |   18|   ap_none  |    x_363_V   |    pointer   |
|x_364_V           |  in |   18|   ap_none  |    x_364_V   |    pointer   |
|x_365_V           |  in |   18|   ap_none  |    x_365_V   |    pointer   |
|x_366_V           |  in |   18|   ap_none  |    x_366_V   |    pointer   |
|x_367_V           |  in |   18|   ap_none  |    x_367_V   |    pointer   |
|x_368_V           |  in |   18|   ap_none  |    x_368_V   |    pointer   |
|x_369_V           |  in |   18|   ap_none  |    x_369_V   |    pointer   |
|x_370_V           |  in |   18|   ap_none  |    x_370_V   |    pointer   |
|x_371_V           |  in |   18|   ap_none  |    x_371_V   |    pointer   |
|x_372_V           |  in |   18|   ap_none  |    x_372_V   |    pointer   |
|x_373_V           |  in |   18|   ap_none  |    x_373_V   |    pointer   |
|x_374_V           |  in |   18|   ap_none  |    x_374_V   |    pointer   |
|x_375_V           |  in |   18|   ap_none  |    x_375_V   |    pointer   |
|x_376_V           |  in |   18|   ap_none  |    x_376_V   |    pointer   |
|x_377_V           |  in |   18|   ap_none  |    x_377_V   |    pointer   |
|x_378_V           |  in |   18|   ap_none  |    x_378_V   |    pointer   |
|x_379_V           |  in |   18|   ap_none  |    x_379_V   |    pointer   |
|x_380_V           |  in |   18|   ap_none  |    x_380_V   |    pointer   |
|x_381_V           |  in |   18|   ap_none  |    x_381_V   |    pointer   |
|x_382_V           |  in |   18|   ap_none  |    x_382_V   |    pointer   |
|x_383_V           |  in |   18|   ap_none  |    x_383_V   |    pointer   |
|x_384_V           |  in |   18|   ap_none  |    x_384_V   |    pointer   |
|x_385_V           |  in |   18|   ap_none  |    x_385_V   |    pointer   |
|x_386_V           |  in |   18|   ap_none  |    x_386_V   |    pointer   |
|x_387_V           |  in |   18|   ap_none  |    x_387_V   |    pointer   |
|x_388_V           |  in |   18|   ap_none  |    x_388_V   |    pointer   |
|x_389_V           |  in |   18|   ap_none  |    x_389_V   |    pointer   |
|x_390_V           |  in |   18|   ap_none  |    x_390_V   |    pointer   |
|x_391_V           |  in |   18|   ap_none  |    x_391_V   |    pointer   |
|x_392_V           |  in |   18|   ap_none  |    x_392_V   |    pointer   |
|x_393_V           |  in |   18|   ap_none  |    x_393_V   |    pointer   |
|x_394_V           |  in |   18|   ap_none  |    x_394_V   |    pointer   |
|x_395_V           |  in |   18|   ap_none  |    x_395_V   |    pointer   |
|x_396_V           |  in |   18|   ap_none  |    x_396_V   |    pointer   |
|x_397_V           |  in |   18|   ap_none  |    x_397_V   |    pointer   |
|x_398_V           |  in |   18|   ap_none  |    x_398_V   |    pointer   |
|x_399_V           |  in |   18|   ap_none  |    x_399_V   |    pointer   |
|x_400_V           |  in |   18|   ap_none  |    x_400_V   |    pointer   |
|x_401_V           |  in |   18|   ap_none  |    x_401_V   |    pointer   |
|x_402_V           |  in |   18|   ap_none  |    x_402_V   |    pointer   |
|x_403_V           |  in |   18|   ap_none  |    x_403_V   |    pointer   |
|x_404_V           |  in |   18|   ap_none  |    x_404_V   |    pointer   |
|x_405_V           |  in |   18|   ap_none  |    x_405_V   |    pointer   |
|x_406_V           |  in |   18|   ap_none  |    x_406_V   |    pointer   |
|x_407_V           |  in |   18|   ap_none  |    x_407_V   |    pointer   |
|x_408_V           |  in |   18|   ap_none  |    x_408_V   |    pointer   |
|x_409_V           |  in |   18|   ap_none  |    x_409_V   |    pointer   |
|x_410_V           |  in |   18|   ap_none  |    x_410_V   |    pointer   |
|x_411_V           |  in |   18|   ap_none  |    x_411_V   |    pointer   |
|x_412_V           |  in |   18|   ap_none  |    x_412_V   |    pointer   |
|x_413_V           |  in |   18|   ap_none  |    x_413_V   |    pointer   |
|x_414_V           |  in |   18|   ap_none  |    x_414_V   |    pointer   |
|x_415_V           |  in |   18|   ap_none  |    x_415_V   |    pointer   |
|x_416_V           |  in |   18|   ap_none  |    x_416_V   |    pointer   |
|x_417_V           |  in |   18|   ap_none  |    x_417_V   |    pointer   |
|x_418_V           |  in |   18|   ap_none  |    x_418_V   |    pointer   |
|x_419_V           |  in |   18|   ap_none  |    x_419_V   |    pointer   |
|x_420_V           |  in |   18|   ap_none  |    x_420_V   |    pointer   |
|x_421_V           |  in |   18|   ap_none  |    x_421_V   |    pointer   |
|x_422_V           |  in |   18|   ap_none  |    x_422_V   |    pointer   |
|x_423_V           |  in |   18|   ap_none  |    x_423_V   |    pointer   |
|x_424_V           |  in |   18|   ap_none  |    x_424_V   |    pointer   |
|x_425_V           |  in |   18|   ap_none  |    x_425_V   |    pointer   |
|x_426_V           |  in |   18|   ap_none  |    x_426_V   |    pointer   |
|x_427_V           |  in |   18|   ap_none  |    x_427_V   |    pointer   |
|x_428_V           |  in |   18|   ap_none  |    x_428_V   |    pointer   |
|x_429_V           |  in |   18|   ap_none  |    x_429_V   |    pointer   |
|x_430_V           |  in |   18|   ap_none  |    x_430_V   |    pointer   |
|x_431_V           |  in |   18|   ap_none  |    x_431_V   |    pointer   |
|x_432_V           |  in |   18|   ap_none  |    x_432_V   |    pointer   |
|x_433_V           |  in |   18|   ap_none  |    x_433_V   |    pointer   |
|x_434_V           |  in |   18|   ap_none  |    x_434_V   |    pointer   |
|x_435_V           |  in |   18|   ap_none  |    x_435_V   |    pointer   |
|x_436_V           |  in |   18|   ap_none  |    x_436_V   |    pointer   |
|x_437_V           |  in |   18|   ap_none  |    x_437_V   |    pointer   |
|x_438_V           |  in |   18|   ap_none  |    x_438_V   |    pointer   |
|x_439_V           |  in |   18|   ap_none  |    x_439_V   |    pointer   |
|x_440_V           |  in |   18|   ap_none  |    x_440_V   |    pointer   |
|x_441_V           |  in |   18|   ap_none  |    x_441_V   |    pointer   |
|x_442_V           |  in |   18|   ap_none  |    x_442_V   |    pointer   |
|x_443_V           |  in |   18|   ap_none  |    x_443_V   |    pointer   |
|x_444_V           |  in |   18|   ap_none  |    x_444_V   |    pointer   |
|x_445_V           |  in |   18|   ap_none  |    x_445_V   |    pointer   |
|x_446_V           |  in |   18|   ap_none  |    x_446_V   |    pointer   |
|x_447_V           |  in |   18|   ap_none  |    x_447_V   |    pointer   |
|x_448_V           |  in |   18|   ap_none  |    x_448_V   |    pointer   |
|x_449_V           |  in |   18|   ap_none  |    x_449_V   |    pointer   |
|x_450_V           |  in |   18|   ap_none  |    x_450_V   |    pointer   |
|x_451_V           |  in |   18|   ap_none  |    x_451_V   |    pointer   |
|x_452_V           |  in |   18|   ap_none  |    x_452_V   |    pointer   |
|x_453_V           |  in |   18|   ap_none  |    x_453_V   |    pointer   |
|x_454_V           |  in |   18|   ap_none  |    x_454_V   |    pointer   |
|x_455_V           |  in |   18|   ap_none  |    x_455_V   |    pointer   |
|x_456_V           |  in |   18|   ap_none  |    x_456_V   |    pointer   |
|x_457_V           |  in |   18|   ap_none  |    x_457_V   |    pointer   |
|x_458_V           |  in |   18|   ap_none  |    x_458_V   |    pointer   |
|x_459_V           |  in |   18|   ap_none  |    x_459_V   |    pointer   |
|x_460_V           |  in |   18|   ap_none  |    x_460_V   |    pointer   |
|x_461_V           |  in |   18|   ap_none  |    x_461_V   |    pointer   |
|x_462_V           |  in |   18|   ap_none  |    x_462_V   |    pointer   |
|x_463_V           |  in |   18|   ap_none  |    x_463_V   |    pointer   |
|x_464_V           |  in |   18|   ap_none  |    x_464_V   |    pointer   |
|x_465_V           |  in |   18|   ap_none  |    x_465_V   |    pointer   |
|x_466_V           |  in |   18|   ap_none  |    x_466_V   |    pointer   |
|x_467_V           |  in |   18|   ap_none  |    x_467_V   |    pointer   |
|x_468_V           |  in |   18|   ap_none  |    x_468_V   |    pointer   |
|x_469_V           |  in |   18|   ap_none  |    x_469_V   |    pointer   |
|x_470_V           |  in |   18|   ap_none  |    x_470_V   |    pointer   |
|x_471_V           |  in |   18|   ap_none  |    x_471_V   |    pointer   |
|x_472_V           |  in |   18|   ap_none  |    x_472_V   |    pointer   |
|x_473_V           |  in |   18|   ap_none  |    x_473_V   |    pointer   |
|x_474_V           |  in |   18|   ap_none  |    x_474_V   |    pointer   |
|x_475_V           |  in |   18|   ap_none  |    x_475_V   |    pointer   |
|x_476_V           |  in |   18|   ap_none  |    x_476_V   |    pointer   |
|x_477_V           |  in |   18|   ap_none  |    x_477_V   |    pointer   |
|x_478_V           |  in |   18|   ap_none  |    x_478_V   |    pointer   |
|x_479_V           |  in |   18|   ap_none  |    x_479_V   |    pointer   |
|x_480_V           |  in |   18|   ap_none  |    x_480_V   |    pointer   |
|x_481_V           |  in |   18|   ap_none  |    x_481_V   |    pointer   |
|x_482_V           |  in |   18|   ap_none  |    x_482_V   |    pointer   |
|x_483_V           |  in |   18|   ap_none  |    x_483_V   |    pointer   |
|x_484_V           |  in |   18|   ap_none  |    x_484_V   |    pointer   |
|x_485_V           |  in |   18|   ap_none  |    x_485_V   |    pointer   |
|x_486_V           |  in |   18|   ap_none  |    x_486_V   |    pointer   |
|x_487_V           |  in |   18|   ap_none  |    x_487_V   |    pointer   |
|x_488_V           |  in |   18|   ap_none  |    x_488_V   |    pointer   |
|x_489_V           |  in |   18|   ap_none  |    x_489_V   |    pointer   |
|x_490_V           |  in |   18|   ap_none  |    x_490_V   |    pointer   |
|x_491_V           |  in |   18|   ap_none  |    x_491_V   |    pointer   |
|x_492_V           |  in |   18|   ap_none  |    x_492_V   |    pointer   |
|x_493_V           |  in |   18|   ap_none  |    x_493_V   |    pointer   |
|x_494_V           |  in |   18|   ap_none  |    x_494_V   |    pointer   |
|x_495_V           |  in |   18|   ap_none  |    x_495_V   |    pointer   |
|x_496_V           |  in |   18|   ap_none  |    x_496_V   |    pointer   |
|x_497_V           |  in |   18|   ap_none  |    x_497_V   |    pointer   |
|x_498_V           |  in |   18|   ap_none  |    x_498_V   |    pointer   |
|x_499_V           |  in |   18|   ap_none  |    x_499_V   |    pointer   |
|x_500_V           |  in |   18|   ap_none  |    x_500_V   |    pointer   |
|x_501_V           |  in |   18|   ap_none  |    x_501_V   |    pointer   |
|x_502_V           |  in |   18|   ap_none  |    x_502_V   |    pointer   |
|x_503_V           |  in |   18|   ap_none  |    x_503_V   |    pointer   |
|x_504_V           |  in |   18|   ap_none  |    x_504_V   |    pointer   |
|x_505_V           |  in |   18|   ap_none  |    x_505_V   |    pointer   |
|x_506_V           |  in |   18|   ap_none  |    x_506_V   |    pointer   |
|x_507_V           |  in |   18|   ap_none  |    x_507_V   |    pointer   |
|x_508_V           |  in |   18|   ap_none  |    x_508_V   |    pointer   |
|x_509_V           |  in |   18|   ap_none  |    x_509_V   |    pointer   |
|x_510_V           |  in |   18|   ap_none  |    x_510_V   |    pointer   |
|x_511_V           |  in |   18|   ap_none  |    x_511_V   |    pointer   |
|x_512_V           |  in |   18|   ap_none  |    x_512_V   |    pointer   |
|x_513_V           |  in |   18|   ap_none  |    x_513_V   |    pointer   |
|x_514_V           |  in |   18|   ap_none  |    x_514_V   |    pointer   |
|x_515_V           |  in |   18|   ap_none  |    x_515_V   |    pointer   |
|x_516_V           |  in |   18|   ap_none  |    x_516_V   |    pointer   |
|x_517_V           |  in |   18|   ap_none  |    x_517_V   |    pointer   |
|x_518_V           |  in |   18|   ap_none  |    x_518_V   |    pointer   |
|x_519_V           |  in |   18|   ap_none  |    x_519_V   |    pointer   |
|x_520_V           |  in |   18|   ap_none  |    x_520_V   |    pointer   |
|x_521_V           |  in |   18|   ap_none  |    x_521_V   |    pointer   |
|x_522_V           |  in |   18|   ap_none  |    x_522_V   |    pointer   |
|x_523_V           |  in |   18|   ap_none  |    x_523_V   |    pointer   |
|x_524_V           |  in |   18|   ap_none  |    x_524_V   |    pointer   |
|x_525_V           |  in |   18|   ap_none  |    x_525_V   |    pointer   |
|x_526_V           |  in |   18|   ap_none  |    x_526_V   |    pointer   |
|x_527_V           |  in |   18|   ap_none  |    x_527_V   |    pointer   |
|x_528_V           |  in |   18|   ap_none  |    x_528_V   |    pointer   |
|x_529_V           |  in |   18|   ap_none  |    x_529_V   |    pointer   |
|x_530_V           |  in |   18|   ap_none  |    x_530_V   |    pointer   |
|x_531_V           |  in |   18|   ap_none  |    x_531_V   |    pointer   |
|x_532_V           |  in |   18|   ap_none  |    x_532_V   |    pointer   |
|x_533_V           |  in |   18|   ap_none  |    x_533_V   |    pointer   |
|x_534_V           |  in |   18|   ap_none  |    x_534_V   |    pointer   |
|x_535_V           |  in |   18|   ap_none  |    x_535_V   |    pointer   |
|x_536_V           |  in |   18|   ap_none  |    x_536_V   |    pointer   |
|x_537_V           |  in |   18|   ap_none  |    x_537_V   |    pointer   |
|x_538_V           |  in |   18|   ap_none  |    x_538_V   |    pointer   |
|x_539_V           |  in |   18|   ap_none  |    x_539_V   |    pointer   |
|x_540_V           |  in |   18|   ap_none  |    x_540_V   |    pointer   |
|x_541_V           |  in |   18|   ap_none  |    x_541_V   |    pointer   |
|x_542_V           |  in |   18|   ap_none  |    x_542_V   |    pointer   |
|x_543_V           |  in |   18|   ap_none  |    x_543_V   |    pointer   |
|x_544_V           |  in |   18|   ap_none  |    x_544_V   |    pointer   |
|x_545_V           |  in |   18|   ap_none  |    x_545_V   |    pointer   |
|x_546_V           |  in |   18|   ap_none  |    x_546_V   |    pointer   |
|x_547_V           |  in |   18|   ap_none  |    x_547_V   |    pointer   |
|x_548_V           |  in |   18|   ap_none  |    x_548_V   |    pointer   |
|x_549_V           |  in |   18|   ap_none  |    x_549_V   |    pointer   |
|x_550_V           |  in |   18|   ap_none  |    x_550_V   |    pointer   |
|x_551_V           |  in |   18|   ap_none  |    x_551_V   |    pointer   |
|x_552_V           |  in |   18|   ap_none  |    x_552_V   |    pointer   |
|x_553_V           |  in |   18|   ap_none  |    x_553_V   |    pointer   |
|x_554_V           |  in |   18|   ap_none  |    x_554_V   |    pointer   |
|x_555_V           |  in |   18|   ap_none  |    x_555_V   |    pointer   |
|x_556_V           |  in |   18|   ap_none  |    x_556_V   |    pointer   |
|x_557_V           |  in |   18|   ap_none  |    x_557_V   |    pointer   |
|x_558_V           |  in |   18|   ap_none  |    x_558_V   |    pointer   |
|x_559_V           |  in |   18|   ap_none  |    x_559_V   |    pointer   |
|x_560_V           |  in |   18|   ap_none  |    x_560_V   |    pointer   |
|x_561_V           |  in |   18|   ap_none  |    x_561_V   |    pointer   |
|x_562_V           |  in |   18|   ap_none  |    x_562_V   |    pointer   |
|x_563_V           |  in |   18|   ap_none  |    x_563_V   |    pointer   |
|x_564_V           |  in |   18|   ap_none  |    x_564_V   |    pointer   |
|x_565_V           |  in |   18|   ap_none  |    x_565_V   |    pointer   |
|x_566_V           |  in |   18|   ap_none  |    x_566_V   |    pointer   |
|x_567_V           |  in |   18|   ap_none  |    x_567_V   |    pointer   |
|x_568_V           |  in |   18|   ap_none  |    x_568_V   |    pointer   |
|x_569_V           |  in |   18|   ap_none  |    x_569_V   |    pointer   |
|x_570_V           |  in |   18|   ap_none  |    x_570_V   |    pointer   |
|x_571_V           |  in |   18|   ap_none  |    x_571_V   |    pointer   |
|x_572_V           |  in |   18|   ap_none  |    x_572_V   |    pointer   |
|x_573_V           |  in |   18|   ap_none  |    x_573_V   |    pointer   |
|x_574_V           |  in |   18|   ap_none  |    x_574_V   |    pointer   |
|x_575_V           |  in |   18|   ap_none  |    x_575_V   |    pointer   |
|x_576_V           |  in |   18|   ap_none  |    x_576_V   |    pointer   |
|x_577_V           |  in |   18|   ap_none  |    x_577_V   |    pointer   |
|x_578_V           |  in |   18|   ap_none  |    x_578_V   |    pointer   |
|x_579_V           |  in |   18|   ap_none  |    x_579_V   |    pointer   |
|x_580_V           |  in |   18|   ap_none  |    x_580_V   |    pointer   |
|x_581_V           |  in |   18|   ap_none  |    x_581_V   |    pointer   |
|x_582_V           |  in |   18|   ap_none  |    x_582_V   |    pointer   |
|x_583_V           |  in |   18|   ap_none  |    x_583_V   |    pointer   |
|x_584_V           |  in |   18|   ap_none  |    x_584_V   |    pointer   |
|x_585_V           |  in |   18|   ap_none  |    x_585_V   |    pointer   |
|x_586_V           |  in |   18|   ap_none  |    x_586_V   |    pointer   |
|x_587_V           |  in |   18|   ap_none  |    x_587_V   |    pointer   |
|x_588_V           |  in |   18|   ap_none  |    x_588_V   |    pointer   |
|x_589_V           |  in |   18|   ap_none  |    x_589_V   |    pointer   |
|x_590_V           |  in |   18|   ap_none  |    x_590_V   |    pointer   |
|x_591_V           |  in |   18|   ap_none  |    x_591_V   |    pointer   |
|x_592_V           |  in |   18|   ap_none  |    x_592_V   |    pointer   |
|x_593_V           |  in |   18|   ap_none  |    x_593_V   |    pointer   |
|x_594_V           |  in |   18|   ap_none  |    x_594_V   |    pointer   |
|x_595_V           |  in |   18|   ap_none  |    x_595_V   |    pointer   |
|x_596_V           |  in |   18|   ap_none  |    x_596_V   |    pointer   |
|x_597_V           |  in |   18|   ap_none  |    x_597_V   |    pointer   |
|x_598_V           |  in |   18|   ap_none  |    x_598_V   |    pointer   |
|x_599_V           |  in |   18|   ap_none  |    x_599_V   |    pointer   |
|x_600_V           |  in |   18|   ap_none  |    x_600_V   |    pointer   |
|x_601_V           |  in |   18|   ap_none  |    x_601_V   |    pointer   |
|x_602_V           |  in |   18|   ap_none  |    x_602_V   |    pointer   |
|x_603_V           |  in |   18|   ap_none  |    x_603_V   |    pointer   |
|x_604_V           |  in |   18|   ap_none  |    x_604_V   |    pointer   |
|x_605_V           |  in |   18|   ap_none  |    x_605_V   |    pointer   |
|x_606_V           |  in |   18|   ap_none  |    x_606_V   |    pointer   |
|x_607_V           |  in |   18|   ap_none  |    x_607_V   |    pointer   |
|x_608_V           |  in |   18|   ap_none  |    x_608_V   |    pointer   |
|x_609_V           |  in |   18|   ap_none  |    x_609_V   |    pointer   |
|x_610_V           |  in |   18|   ap_none  |    x_610_V   |    pointer   |
|x_611_V           |  in |   18|   ap_none  |    x_611_V   |    pointer   |
|x_612_V           |  in |   18|   ap_none  |    x_612_V   |    pointer   |
|x_613_V           |  in |   18|   ap_none  |    x_613_V   |    pointer   |
|x_614_V           |  in |   18|   ap_none  |    x_614_V   |    pointer   |
|x_615_V           |  in |   18|   ap_none  |    x_615_V   |    pointer   |
|x_616_V           |  in |   18|   ap_none  |    x_616_V   |    pointer   |
|x_617_V           |  in |   18|   ap_none  |    x_617_V   |    pointer   |
|x_618_V           |  in |   18|   ap_none  |    x_618_V   |    pointer   |
|x_619_V           |  in |   18|   ap_none  |    x_619_V   |    pointer   |
|x_620_V           |  in |   18|   ap_none  |    x_620_V   |    pointer   |
|x_621_V           |  in |   18|   ap_none  |    x_621_V   |    pointer   |
|x_622_V           |  in |   18|   ap_none  |    x_622_V   |    pointer   |
|x_623_V           |  in |   18|   ap_none  |    x_623_V   |    pointer   |
|x_624_V           |  in |   18|   ap_none  |    x_624_V   |    pointer   |
|x_625_V           |  in |   18|   ap_none  |    x_625_V   |    pointer   |
|x_626_V           |  in |   18|   ap_none  |    x_626_V   |    pointer   |
|x_627_V           |  in |   18|   ap_none  |    x_627_V   |    pointer   |
|x_628_V           |  in |   18|   ap_none  |    x_628_V   |    pointer   |
|x_629_V           |  in |   18|   ap_none  |    x_629_V   |    pointer   |
|x_630_V           |  in |   18|   ap_none  |    x_630_V   |    pointer   |
|x_631_V           |  in |   18|   ap_none  |    x_631_V   |    pointer   |
|x_632_V           |  in |   18|   ap_none  |    x_632_V   |    pointer   |
|x_633_V           |  in |   18|   ap_none  |    x_633_V   |    pointer   |
|x_634_V           |  in |   18|   ap_none  |    x_634_V   |    pointer   |
|x_635_V           |  in |   18|   ap_none  |    x_635_V   |    pointer   |
|x_636_V           |  in |   18|   ap_none  |    x_636_V   |    pointer   |
|x_637_V           |  in |   18|   ap_none  |    x_637_V   |    pointer   |
|x_638_V           |  in |   18|   ap_none  |    x_638_V   |    pointer   |
|x_639_V           |  in |   18|   ap_none  |    x_639_V   |    pointer   |
|x_640_V           |  in |   18|   ap_none  |    x_640_V   |    pointer   |
|x_641_V           |  in |   18|   ap_none  |    x_641_V   |    pointer   |
|x_642_V           |  in |   18|   ap_none  |    x_642_V   |    pointer   |
|x_643_V           |  in |   18|   ap_none  |    x_643_V   |    pointer   |
|x_644_V           |  in |   18|   ap_none  |    x_644_V   |    pointer   |
|x_645_V           |  in |   18|   ap_none  |    x_645_V   |    pointer   |
|x_646_V           |  in |   18|   ap_none  |    x_646_V   |    pointer   |
|x_647_V           |  in |   18|   ap_none  |    x_647_V   |    pointer   |
|x_648_V           |  in |   18|   ap_none  |    x_648_V   |    pointer   |
|x_649_V           |  in |   18|   ap_none  |    x_649_V   |    pointer   |
|x_650_V           |  in |   18|   ap_none  |    x_650_V   |    pointer   |
|x_651_V           |  in |   18|   ap_none  |    x_651_V   |    pointer   |
|x_652_V           |  in |   18|   ap_none  |    x_652_V   |    pointer   |
|x_653_V           |  in |   18|   ap_none  |    x_653_V   |    pointer   |
|x_654_V           |  in |   18|   ap_none  |    x_654_V   |    pointer   |
|x_655_V           |  in |   18|   ap_none  |    x_655_V   |    pointer   |
|x_656_V           |  in |   18|   ap_none  |    x_656_V   |    pointer   |
|x_657_V           |  in |   18|   ap_none  |    x_657_V   |    pointer   |
|x_658_V           |  in |   18|   ap_none  |    x_658_V   |    pointer   |
|x_659_V           |  in |   18|   ap_none  |    x_659_V   |    pointer   |
|x_660_V           |  in |   18|   ap_none  |    x_660_V   |    pointer   |
|x_661_V           |  in |   18|   ap_none  |    x_661_V   |    pointer   |
|x_662_V           |  in |   18|   ap_none  |    x_662_V   |    pointer   |
|x_663_V           |  in |   18|   ap_none  |    x_663_V   |    pointer   |
|x_664_V           |  in |   18|   ap_none  |    x_664_V   |    pointer   |
|x_665_V           |  in |   18|   ap_none  |    x_665_V   |    pointer   |
|x_666_V           |  in |   18|   ap_none  |    x_666_V   |    pointer   |
|x_667_V           |  in |   18|   ap_none  |    x_667_V   |    pointer   |
|x_668_V           |  in |   18|   ap_none  |    x_668_V   |    pointer   |
|x_669_V           |  in |   18|   ap_none  |    x_669_V   |    pointer   |
|x_670_V           |  in |   18|   ap_none  |    x_670_V   |    pointer   |
|x_671_V           |  in |   18|   ap_none  |    x_671_V   |    pointer   |
|x_672_V           |  in |   18|   ap_none  |    x_672_V   |    pointer   |
|x_673_V           |  in |   18|   ap_none  |    x_673_V   |    pointer   |
|x_674_V           |  in |   18|   ap_none  |    x_674_V   |    pointer   |
|x_675_V           |  in |   18|   ap_none  |    x_675_V   |    pointer   |
|x_676_V           |  in |   18|   ap_none  |    x_676_V   |    pointer   |
|x_677_V           |  in |   18|   ap_none  |    x_677_V   |    pointer   |
|x_678_V           |  in |   18|   ap_none  |    x_678_V   |    pointer   |
|x_679_V           |  in |   18|   ap_none  |    x_679_V   |    pointer   |
|x_680_V           |  in |   18|   ap_none  |    x_680_V   |    pointer   |
|x_681_V           |  in |   18|   ap_none  |    x_681_V   |    pointer   |
|x_682_V           |  in |   18|   ap_none  |    x_682_V   |    pointer   |
|x_683_V           |  in |   18|   ap_none  |    x_683_V   |    pointer   |
|x_684_V           |  in |   18|   ap_none  |    x_684_V   |    pointer   |
|x_685_V           |  in |   18|   ap_none  |    x_685_V   |    pointer   |
|x_686_V           |  in |   18|   ap_none  |    x_686_V   |    pointer   |
|x_687_V           |  in |   18|   ap_none  |    x_687_V   |    pointer   |
|x_688_V           |  in |   18|   ap_none  |    x_688_V   |    pointer   |
|x_689_V           |  in |   18|   ap_none  |    x_689_V   |    pointer   |
|x_690_V           |  in |   18|   ap_none  |    x_690_V   |    pointer   |
|x_691_V           |  in |   18|   ap_none  |    x_691_V   |    pointer   |
|x_692_V           |  in |   18|   ap_none  |    x_692_V   |    pointer   |
|x_693_V           |  in |   18|   ap_none  |    x_693_V   |    pointer   |
|x_694_V           |  in |   18|   ap_none  |    x_694_V   |    pointer   |
|x_695_V           |  in |   18|   ap_none  |    x_695_V   |    pointer   |
|x_696_V           |  in |   18|   ap_none  |    x_696_V   |    pointer   |
|x_697_V           |  in |   18|   ap_none  |    x_697_V   |    pointer   |
|x_698_V           |  in |   18|   ap_none  |    x_698_V   |    pointer   |
|x_699_V           |  in |   18|   ap_none  |    x_699_V   |    pointer   |
|x_700_V           |  in |   18|   ap_none  |    x_700_V   |    pointer   |
|x_701_V           |  in |   18|   ap_none  |    x_701_V   |    pointer   |
|x_702_V           |  in |   18|   ap_none  |    x_702_V   |    pointer   |
|x_703_V           |  in |   18|   ap_none  |    x_703_V   |    pointer   |
|x_704_V           |  in |   18|   ap_none  |    x_704_V   |    pointer   |
|x_705_V           |  in |   18|   ap_none  |    x_705_V   |    pointer   |
|x_706_V           |  in |   18|   ap_none  |    x_706_V   |    pointer   |
|x_707_V           |  in |   18|   ap_none  |    x_707_V   |    pointer   |
|x_708_V           |  in |   18|   ap_none  |    x_708_V   |    pointer   |
|x_709_V           |  in |   18|   ap_none  |    x_709_V   |    pointer   |
|x_710_V           |  in |   18|   ap_none  |    x_710_V   |    pointer   |
|x_711_V           |  in |   18|   ap_none  |    x_711_V   |    pointer   |
|x_712_V           |  in |   18|   ap_none  |    x_712_V   |    pointer   |
|x_713_V           |  in |   18|   ap_none  |    x_713_V   |    pointer   |
|x_714_V           |  in |   18|   ap_none  |    x_714_V   |    pointer   |
|x_715_V           |  in |   18|   ap_none  |    x_715_V   |    pointer   |
|x_716_V           |  in |   18|   ap_none  |    x_716_V   |    pointer   |
|x_717_V           |  in |   18|   ap_none  |    x_717_V   |    pointer   |
|x_718_V           |  in |   18|   ap_none  |    x_718_V   |    pointer   |
|x_719_V           |  in |   18|   ap_none  |    x_719_V   |    pointer   |
|x_720_V           |  in |   18|   ap_none  |    x_720_V   |    pointer   |
|x_721_V           |  in |   18|   ap_none  |    x_721_V   |    pointer   |
|x_722_V           |  in |   18|   ap_none  |    x_722_V   |    pointer   |
|x_723_V           |  in |   18|   ap_none  |    x_723_V   |    pointer   |
|x_724_V           |  in |   18|   ap_none  |    x_724_V   |    pointer   |
|x_725_V           |  in |   18|   ap_none  |    x_725_V   |    pointer   |
|x_726_V           |  in |   18|   ap_none  |    x_726_V   |    pointer   |
|x_727_V           |  in |   18|   ap_none  |    x_727_V   |    pointer   |
|x_728_V           |  in |   18|   ap_none  |    x_728_V   |    pointer   |
|x_729_V           |  in |   18|   ap_none  |    x_729_V   |    pointer   |
|x_730_V           |  in |   18|   ap_none  |    x_730_V   |    pointer   |
|x_731_V           |  in |   18|   ap_none  |    x_731_V   |    pointer   |
|x_732_V           |  in |   18|   ap_none  |    x_732_V   |    pointer   |
|x_733_V           |  in |   18|   ap_none  |    x_733_V   |    pointer   |
|x_734_V           |  in |   18|   ap_none  |    x_734_V   |    pointer   |
|x_735_V           |  in |   18|   ap_none  |    x_735_V   |    pointer   |
|x_736_V           |  in |   18|   ap_none  |    x_736_V   |    pointer   |
|x_737_V           |  in |   18|   ap_none  |    x_737_V   |    pointer   |
|x_738_V           |  in |   18|   ap_none  |    x_738_V   |    pointer   |
|x_739_V           |  in |   18|   ap_none  |    x_739_V   |    pointer   |
|x_740_V           |  in |   18|   ap_none  |    x_740_V   |    pointer   |
|x_741_V           |  in |   18|   ap_none  |    x_741_V   |    pointer   |
|x_742_V           |  in |   18|   ap_none  |    x_742_V   |    pointer   |
|x_743_V           |  in |   18|   ap_none  |    x_743_V   |    pointer   |
|x_744_V           |  in |   18|   ap_none  |    x_744_V   |    pointer   |
|x_745_V           |  in |   18|   ap_none  |    x_745_V   |    pointer   |
|x_746_V           |  in |   18|   ap_none  |    x_746_V   |    pointer   |
|x_747_V           |  in |   18|   ap_none  |    x_747_V   |    pointer   |
|x_748_V           |  in |   18|   ap_none  |    x_748_V   |    pointer   |
|x_749_V           |  in |   18|   ap_none  |    x_749_V   |    pointer   |
|x_750_V           |  in |   18|   ap_none  |    x_750_V   |    pointer   |
|x_751_V           |  in |   18|   ap_none  |    x_751_V   |    pointer   |
|x_752_V           |  in |   18|   ap_none  |    x_752_V   |    pointer   |
|x_753_V           |  in |   18|   ap_none  |    x_753_V   |    pointer   |
|x_754_V           |  in |   18|   ap_none  |    x_754_V   |    pointer   |
|x_755_V           |  in |   18|   ap_none  |    x_755_V   |    pointer   |
|x_756_V           |  in |   18|   ap_none  |    x_756_V   |    pointer   |
|x_757_V           |  in |   18|   ap_none  |    x_757_V   |    pointer   |
|x_758_V           |  in |   18|   ap_none  |    x_758_V   |    pointer   |
|x_759_V           |  in |   18|   ap_none  |    x_759_V   |    pointer   |
|x_760_V           |  in |   18|   ap_none  |    x_760_V   |    pointer   |
|x_761_V           |  in |   18|   ap_none  |    x_761_V   |    pointer   |
|x_762_V           |  in |   18|   ap_none  |    x_762_V   |    pointer   |
|x_763_V           |  in |   18|   ap_none  |    x_763_V   |    pointer   |
|x_764_V           |  in |   18|   ap_none  |    x_764_V   |    pointer   |
|x_765_V           |  in |   18|   ap_none  |    x_765_V   |    pointer   |
|x_766_V           |  in |   18|   ap_none  |    x_766_V   |    pointer   |
|x_767_V           |  in |   18|   ap_none  |    x_767_V   |    pointer   |
|x_768_V           |  in |   18|   ap_none  |    x_768_V   |    pointer   |
|x_769_V           |  in |   18|   ap_none  |    x_769_V   |    pointer   |
|x_770_V           |  in |   18|   ap_none  |    x_770_V   |    pointer   |
|x_771_V           |  in |   18|   ap_none  |    x_771_V   |    pointer   |
|x_772_V           |  in |   18|   ap_none  |    x_772_V   |    pointer   |
|x_773_V           |  in |   18|   ap_none  |    x_773_V   |    pointer   |
|x_774_V           |  in |   18|   ap_none  |    x_774_V   |    pointer   |
|x_775_V           |  in |   18|   ap_none  |    x_775_V   |    pointer   |
|x_776_V           |  in |   18|   ap_none  |    x_776_V   |    pointer   |
|x_777_V           |  in |   18|   ap_none  |    x_777_V   |    pointer   |
|x_778_V           |  in |   18|   ap_none  |    x_778_V   |    pointer   |
|x_779_V           |  in |   18|   ap_none  |    x_779_V   |    pointer   |
|x_780_V           |  in |   18|   ap_none  |    x_780_V   |    pointer   |
|x_781_V           |  in |   18|   ap_none  |    x_781_V   |    pointer   |
|x_782_V           |  in |   18|   ap_none  |    x_782_V   |    pointer   |
|x_783_V           |  in |   18|   ap_none  |    x_783_V   |    pointer   |
|score_0_V         | out |   18|   ap_vld   |   score_0_V  |    pointer   |
|score_0_V_ap_vld  | out |    1|   ap_vld   |   score_0_V  |    pointer   |
|score_1_V         |  in |   18|   ap_none  |   score_1_V  |    pointer   |
|score_2_V         |  in |   18|   ap_none  |   score_2_V  |    pointer   |
|score_3_V         |  in |   18|   ap_none  |   score_3_V  |    pointer   |
|score_4_V         |  in |   18|   ap_none  |   score_4_V  |    pointer   |
|score_5_V         |  in |   18|   ap_none  |   score_5_V  |    pointer   |
|score_6_V         |  in |   18|   ap_none  |   score_6_V  |    pointer   |
|score_7_V         |  in |   18|   ap_none  |   score_7_V  |    pointer   |
|score_8_V         |  in |   18|   ap_none  |   score_8_V  |    pointer   |
|score_9_V         |  in |   18|   ap_none  |   score_9_V  |    pointer   |
+------------------+-----+-----+------------+--------------+--------------+

